#
# There is insufficient memory for the Java Runtime Environment to continue.
# Native memory allocation (mmap) failed to map 65536 bytes for Failed to commit metaspace.
# Possible reasons:
#   The system is out of physical RAM or swap space
#   The process is running with CompressedOops enabled, and the Java Heap may be blocking the growth of the native heap
# Possible solutions:
#   Reduce memory load on the system
#   Increase physical memory or swap space
#   Check if swap backing store is full
#   Decrease Java heap size (-Xmx/-Xms)
#   Decrease number of Java threads
#   Decrease Java thread stack sizes (-Xss)
#   Set larger code cache with -XX:ReservedCodeCacheSize=
#   JVM is running with Unscaled Compressed Oops mode in which the Java heap is
#     placed in the first 4GB address space. The Java Heap base address is the
#     maximum limit for the native heap growth. Please use -XX:HeapBaseMinAddress
#     to set the Java Heap base and to place the Java Heap above 4GB virtual address.
# This output file may be truncated or incomplete.
#
#  Out of Memory Error (virtualSpaceNode.cpp:110), pid=9876, tid=19600
#
# JRE version: Java(TM) SE Runtime Environment (19.0+36) (build 19+36-2238)
# Java VM: Java HotSpot(TM) 64-Bit Server VM (19+36-2238, mixed mode, sharing, tiered, compressed oops, compressed class ptrs, g1 gc, windows-amd64)
# No core dump will be written. Minidumps are not enabled by default on client versions of Windows
#

---------------  S U M M A R Y ------------

Command Line: -Dfile.encoding=UTF-8 --module-path=C:\Users\hp\Downloads\mysql-connector-j-8.4.0\mysql-connector-j-8.4.0\mysql-connector-j-8.4.0.jar -XX:+ShowCodeDetailsInExceptionMessages learn.UpdateCustomer

Host: AMD Ryzen 5 5500U with Radeon Graphics         , 12 cores, 7G,  Windows 11 , 64 bit Build 22621 (10.0.22621.3958)
Time: Tue Oct  1 20:03:46 2024 India Standard Time elapsed time: 0.193537 seconds (0d 0h 0m 0s)

---------------  T H R E A D  ---------------

Current thread (0x000002047fd38050):  JavaThread "C1 CompilerThread0" daemon [_thread_in_vm, id=19600, stack(0x000000b53e300000,0x000000b53e400000)]


Current CompileTask:
C1:    193  264       3       java.util.stream.ReferencePipeline$Head::forEach (26 bytes)

Stack: [0x000000b53e300000,0x000000b53e400000]
Native frames: (J=compiled Java code, j=interpreted, Vv=VM code, C=native code)
V  [jvm.dll+0x6ee8fa]
V  [jvm.dll+0x857a1e]
V  [jvm.dll+0x85940e]
V  [jvm.dll+0x859ac3]
V  [jvm.dll+0x28291f]
V  [jvm.dll+0x85369b]
V  [jvm.dll+0x693276]
V  [jvm.dll+0x6932da]
V  [jvm.dll+0x695bd3]
V  [jvm.dll+0x695a9e]
V  [jvm.dll+0x693c9e]
V  [jvm.dll+0x6a557a]
V  [jvm.dll+0x69e54a]
V  [jvm.dll+0x2002f0]
V  [jvm.dll+0x2004d8]
V  [jvm.dll+0x1735f1]
V  [jvm.dll+0x173435]
V  [jvm.dll+0x16ae65]
V  [jvm.dll+0x16d0e7]
V  [jvm.dll+0x16b6f5]
V  [jvm.dll+0x173f13]
V  [jvm.dll+0x173435]
V  [jvm.dll+0x16ae65]
V  [jvm.dll+0x16d0e7]
V  [jvm.dll+0x16b5fc]
V  [jvm.dll+0x173f13]
V  [jvm.dll+0x173435]
V  [jvm.dll+0x16ae65]
V  [jvm.dll+0x16d0e7]
V  [jvm.dll+0x16b6f5]
V  [jvm.dll+0x165600]
V  [jvm.dll+0x175076]
V  [jvm.dll+0x160c20]
V  [jvm.dll+0x160f93]
V  [jvm.dll+0x161278]
V  [jvm.dll+0x1606d6]
V  [jvm.dll+0x1623cd]
V  [jvm.dll+0x25b0fa]
V  [jvm.dll+0x259588]
V  [jvm.dll+0x807928]
V  [jvm.dll+0x8015fa]
V  [jvm.dll+0x6ed5eb]
C  [ucrtbase.dll+0x29333]
C  [KERNEL32.DLL+0x1257d]
C  [ntdll.dll+0x5af28]


---------------  P R O C E S S  ---------------

Threads class SMR info:
_java_thread_list=0x00000204040bc4a0, length=11, elements={
0x000002046166cc30, 0x000002047fd1b0d0, 0x000002047fd1bcc0, 0x000002047fd222d0,
0x000002047fd26830, 0x000002047fd28520, 0x000002047fd29a10, 0x000002047fd2ef30,
0x000002047fd38050, 0x000002047fd43180, 0x00000204040c5f00
}

Java Threads: ( => current thread )
  0x000002046166cc30 JavaThread "main" [_thread_in_vm, id=11252, stack(0x000000b53d500000,0x000000b53d600000)]
  0x000002047fd1b0d0 JavaThread "Reference Handler" daemon [_thread_blocked, id=19012, stack(0x000000b53dc00000,0x000000b53dd00000)]
  0x000002047fd1bcc0 JavaThread "Finalizer" daemon [_thread_blocked, id=19532, stack(0x000000b53dd00000,0x000000b53de00000)]
  0x000002047fd222d0 JavaThread "Signal Dispatcher" daemon [_thread_blocked, id=19076, stack(0x000000b53de00000,0x000000b53df00000)]
  0x000002047fd26830 JavaThread "Attach Listener" daemon [_thread_blocked, id=1372, stack(0x000000b53df00000,0x000000b53e000000)]
  0x000002047fd28520 JavaThread "Service Thread" daemon [_thread_blocked, id=18700, stack(0x000000b53e000000,0x000000b53e100000)]
  0x000002047fd29a10 JavaThread "Monitor Deflation Thread" daemon [_thread_blocked, id=16904, stack(0x000000b53e100000,0x000000b53e200000)]
  0x000002047fd2ef30 JavaThread "C2 CompilerThread0" daemon [_thread_blocked, id=18544, stack(0x000000b53e200000,0x000000b53e300000)]
=>0x000002047fd38050 JavaThread "C1 CompilerThread0" daemon [_thread_in_vm, id=19600, stack(0x000000b53e300000,0x000000b53e400000)]
  0x000002047fd43180 JavaThread "Sweeper thread" daemon [_thread_blocked, id=516, stack(0x000000b53e400000,0x000000b53e500000)]
  0x00000204040c5f00 JavaThread "Common-Cleaner" daemon [_thread_blocked, id=10520, stack(0x000000b53e500000,0x000000b53e600000)]

Other Threads:
  0x000002047fd01310 VMThread "VM Thread" [stack: 0x000000b53db00000,0x000000b53dc00000] [id=9440]
  0x00000204616c9530 WorkerThread "GC Thread#0" [stack: 0x000000b53d600000,0x000000b53d700000] [id=18888]
  0x00000204616d8f10 ConcurrentGCThread "G1 Main Marker" [stack: 0x000000b53d700000,0x000000b53d800000] [id=19888]
  0x00000204616dc290 WorkerThread "G1 Conc#0" [stack: 0x000000b53d800000,0x000000b53d900000] [id=19892]
  0x000002047fbb8110 ConcurrentGCThread "G1 Refine#0" [stack: 0x000000b53d900000,0x000000b53da00000] [id=19588]
  0x000002047fbb8a60 ConcurrentGCThread "G1 Service" [stack: 0x000000b53da00000,0x000000b53db00000] [id=19820]

Threads with active compile tasks:
C1 CompilerThread0      239  264       3       java.util.stream.ReferencePipeline$Head::forEach (26 bytes)

VM state: not at safepoint (normal execution)

VM Mutex/Monitor currently owned by a thread:  ([mutex/lock_event])
[0x0000020461667cb0] Metaspace_lock - owner thread: 0x000002047fd38050
[0x00000204616684e0] MethodData_lock - owner thread: 0x000002047fd38050

Heap address: 0x000000008ac00000, size: 1876 MB, Compressed Oops mode: 32-bit

CDS archive(s) mapped at: [0x0000000800000000-0x0000000800c40000-0x0000000800c40000), size 12845056, SharedBaseAddress: 0x0000000800000000, ArchiveRelocationMode: 0.
Compressed class space mapped at: 0x0000000801000000-0x0000000841000000, reserved size: 1073741824
Narrow klass base: 0x0000000800000000, Narrow klass shift: 0, Narrow klass range: 0x100000000

GC Precious Log:
 CardTable entry size: 512
 Card Set container configuration: InlinePtr #cards 5 size 8 Array Of Cards #cards 12 size 40 Howl #buckets 4 coarsen threshold 1843 Howl Bitmap #cards 512 size 80 coarsen threshold 460 Card regions per heap region 1 cards per card region 2048
 CPUs: 12 total, 12 available
 Memory: 7501M
 Large Page Support: Disabled
 NUMA Support: Disabled
 Compressed Oops: Enabled (32-bit)
 Heap Region Size: 1M
 Heap Min Capacity: 8M
 Heap Initial Capacity: 118M
 Heap Max Capacity: 1876M
 Pre-touch: Disabled
 Parallel Workers: 10
 Concurrent Workers: 3
 Concurrent Refinement Workers: 10
 Periodic GC: Disabled

Heap:
 garbage-first heap   total 120832K, used 2048K [0x000000008ac00000, 0x0000000100000000)
  region size 1024K, 3 young (3072K), 0 survivors (0K)
 Metaspace       used 401K, committed 576K, reserved 1114112K
  class space    used 15K, committed 128K, reserved 1048576K

Heap Regions: E=young(eden), S=young(survivor), O=old, HS=humongous(starts), HC=humongous(continues), CS=collection set, F=free, OA=open archive, CA=closed archive, TAMS=top-at-mark-start (previous, next)
|   0|0x000000008ac00000, 0x000000008ac00000, 0x000000008ad00000|  0%| F|  |TAMS 0x000000008ac00000, 0x000000008ac00000| Untracked 
|   1|0x000000008ad00000, 0x000000008ad00000, 0x000000008ae00000|  0%| F|  |TAMS 0x000000008ad00000, 0x000000008ad00000| Untracked 
|   2|0x000000008ae00000, 0x000000008ae00000, 0x000000008af00000|  0%| F|  |TAMS 0x000000008ae00000, 0x000000008ae00000| Untracked 
|   3|0x000000008af00000, 0x000000008af00000, 0x000000008b000000|  0%| F|  |TAMS 0x000000008af00000, 0x000000008af00000| Untracked 
|   4|0x000000008b000000, 0x000000008b000000, 0x000000008b100000|  0%| F|  |TAMS 0x000000008b000000, 0x000000008b000000| Untracked 
|   5|0x000000008b100000, 0x000000008b100000, 0x000000008b200000|  0%| F|  |TAMS 0x000000008b100000, 0x000000008b100000| Untracked 
|   6|0x000000008b200000, 0x000000008b200000, 0x000000008b300000|  0%| F|  |TAMS 0x000000008b200000, 0x000000008b200000| Untracked 
|   7|0x000000008b300000, 0x000000008b300000, 0x000000008b400000|  0%| F|  |TAMS 0x000000008b300000, 0x000000008b300000| Untracked 
|   8|0x000000008b400000, 0x000000008b400000, 0x000000008b500000|  0%| F|  |TAMS 0x000000008b400000, 0x000000008b400000| Untracked 
|   9|0x000000008b500000, 0x000000008b500000, 0x000000008b600000|  0%| F|  |TAMS 0x000000008b500000, 0x000000008b500000| Untracked 
|  10|0x000000008b600000, 0x000000008b600000, 0x000000008b700000|  0%| F|  |TAMS 0x000000008b600000, 0x000000008b600000| Untracked 
|  11|0x000000008b700000, 0x000000008b700000, 0x000000008b800000|  0%| F|  |TAMS 0x000000008b700000, 0x000000008b700000| Untracked 
|  12|0x000000008b800000, 0x000000008b800000, 0x000000008b900000|  0%| F|  |TAMS 0x000000008b800000, 0x000000008b800000| Untracked 
|  13|0x000000008b900000, 0x000000008b900000, 0x000000008ba00000|  0%| F|  |TAMS 0x000000008b900000, 0x000000008b900000| Untracked 
|  14|0x000000008ba00000, 0x000000008ba00000, 0x000000008bb00000|  0%| F|  |TAMS 0x000000008ba00000, 0x000000008ba00000| Untracked 
|  15|0x000000008bb00000, 0x000000008bb00000, 0x000000008bc00000|  0%| F|  |TAMS 0x000000008bb00000, 0x000000008bb00000| Untracked 
|  16|0x000000008bc00000, 0x000000008bc00000, 0x000000008bd00000|  0%| F|  |TAMS 0x000000008bc00000, 0x000000008bc00000| Untracked 
|  17|0x000000008bd00000, 0x000000008bd00000, 0x000000008be00000|  0%| F|  |TAMS 0x000000008bd00000, 0x000000008bd00000| Untracked 
|  18|0x000000008be00000, 0x000000008be00000, 0x000000008bf00000|  0%| F|  |TAMS 0x000000008be00000, 0x000000008be00000| Untracked 
|  19|0x000000008bf00000, 0x000000008bf00000, 0x000000008c000000|  0%| F|  |TAMS 0x000000008bf00000, 0x000000008bf00000| Untracked 
|  20|0x000000008c000000, 0x000000008c000000, 0x000000008c100000|  0%| F|  |TAMS 0x000000008c000000, 0x000000008c000000| Untracked 
|  21|0x000000008c100000, 0x000000008c100000, 0x000000008c200000|  0%| F|  |TAMS 0x000000008c100000, 0x000000008c100000| Untracked 
|  22|0x000000008c200000, 0x000000008c200000, 0x000000008c300000|  0%| F|  |TAMS 0x000000008c200000, 0x000000008c200000| Untracked 
|  23|0x000000008c300000, 0x000000008c300000, 0x000000008c400000|  0%| F|  |TAMS 0x000000008c300000, 0x000000008c300000| Untracked 
|  24|0x000000008c400000, 0x000000008c400000, 0x000000008c500000|  0%| F|  |TAMS 0x000000008c400000, 0x000000008c400000| Untracked 
|  25|0x000000008c500000, 0x000000008c500000, 0x000000008c600000|  0%| F|  |TAMS 0x000000008c500000, 0x000000008c500000| Untracked 
|  26|0x000000008c600000, 0x000000008c600000, 0x000000008c700000|  0%| F|  |TAMS 0x000000008c600000, 0x000000008c600000| Untracked 
|  27|0x000000008c700000, 0x000000008c700000, 0x000000008c800000|  0%| F|  |TAMS 0x000000008c700000, 0x000000008c700000| Untracked 
|  28|0x000000008c800000, 0x000000008c800000, 0x000000008c900000|  0%| F|  |TAMS 0x000000008c800000, 0x000000008c800000| Untracked 
|  29|0x000000008c900000, 0x000000008c900000, 0x000000008ca00000|  0%| F|  |TAMS 0x000000008c900000, 0x000000008c900000| Untracked 
|  30|0x000000008ca00000, 0x000000008ca00000, 0x000000008cb00000|  0%| F|  |TAMS 0x000000008ca00000, 0x000000008ca00000| Untracked 
|  31|0x000000008cb00000, 0x000000008cb00000, 0x000000008cc00000|  0%| F|  |TAMS 0x000000008cb00000, 0x000000008cb00000| Untracked 
|  32|0x000000008cc00000, 0x000000008cc00000, 0x000000008cd00000|  0%| F|  |TAMS 0x000000008cc00000, 0x000000008cc00000| Untracked 
|  33|0x000000008cd00000, 0x000000008cd00000, 0x000000008ce00000|  0%| F|  |TAMS 0x000000008cd00000, 0x000000008cd00000| Untracked 
|  34|0x000000008ce00000, 0x000000008ce00000, 0x000000008cf00000|  0%| F|  |TAMS 0x000000008ce00000, 0x000000008ce00000| Untracked 
|  35|0x000000008cf00000, 0x000000008cf00000, 0x000000008d000000|  0%| F|  |TAMS 0x000000008cf00000, 0x000000008cf00000| Untracked 
|  36|0x000000008d000000, 0x000000008d000000, 0x000000008d100000|  0%| F|  |TAMS 0x000000008d000000, 0x000000008d000000| Untracked 
|  37|0x000000008d100000, 0x000000008d100000, 0x000000008d200000|  0%| F|  |TAMS 0x000000008d100000, 0x000000008d100000| Untracked 
|  38|0x000000008d200000, 0x000000008d200000, 0x000000008d300000|  0%| F|  |TAMS 0x000000008d200000, 0x000000008d200000| Untracked 
|  39|0x000000008d300000, 0x000000008d300000, 0x000000008d400000|  0%| F|  |TAMS 0x000000008d300000, 0x000000008d300000| Untracked 
|  40|0x000000008d400000, 0x000000008d400000, 0x000000008d500000|  0%| F|  |TAMS 0x000000008d400000, 0x000000008d400000| Untracked 
|  41|0x000000008d500000, 0x000000008d500000, 0x000000008d600000|  0%| F|  |TAMS 0x000000008d500000, 0x000000008d500000| Untracked 
|  42|0x000000008d600000, 0x000000008d600000, 0x000000008d700000|  0%| F|  |TAMS 0x000000008d600000, 0x000000008d600000| Untracked 
|  43|0x000000008d700000, 0x000000008d700000, 0x000000008d800000|  0%| F|  |TAMS 0x000000008d700000, 0x000000008d700000| Untracked 
|  44|0x000000008d800000, 0x000000008d800000, 0x000000008d900000|  0%| F|  |TAMS 0x000000008d800000, 0x000000008d800000| Untracked 
|  45|0x000000008d900000, 0x000000008d900000, 0x000000008da00000|  0%| F|  |TAMS 0x000000008d900000, 0x000000008d900000| Untracked 
|  46|0x000000008da00000, 0x000000008da00000, 0x000000008db00000|  0%| F|  |TAMS 0x000000008da00000, 0x000000008da00000| Untracked 
|  47|0x000000008db00000, 0x000000008db00000, 0x000000008dc00000|  0%| F|  |TAMS 0x000000008db00000, 0x000000008db00000| Untracked 
|  48|0x000000008dc00000, 0x000000008dc00000, 0x000000008dd00000|  0%| F|  |TAMS 0x000000008dc00000, 0x000000008dc00000| Untracked 
|  49|0x000000008dd00000, 0x000000008dd00000, 0x000000008de00000|  0%| F|  |TAMS 0x000000008dd00000, 0x000000008dd00000| Untracked 
|  50|0x000000008de00000, 0x000000008de00000, 0x000000008df00000|  0%| F|  |TAMS 0x000000008de00000, 0x000000008de00000| Untracked 
|  51|0x000000008df00000, 0x000000008df00000, 0x000000008e000000|  0%| F|  |TAMS 0x000000008df00000, 0x000000008df00000| Untracked 
|  52|0x000000008e000000, 0x000000008e000000, 0x000000008e100000|  0%| F|  |TAMS 0x000000008e000000, 0x000000008e000000| Untracked 
|  53|0x000000008e100000, 0x000000008e100000, 0x000000008e200000|  0%| F|  |TAMS 0x000000008e100000, 0x000000008e100000| Untracked 
|  54|0x000000008e200000, 0x000000008e200000, 0x000000008e300000|  0%| F|  |TAMS 0x000000008e200000, 0x000000008e200000| Untracked 
|  55|0x000000008e300000, 0x000000008e300000, 0x000000008e400000|  0%| F|  |TAMS 0x000000008e300000, 0x000000008e300000| Untracked 
|  56|0x000000008e400000, 0x000000008e400000, 0x000000008e500000|  0%| F|  |TAMS 0x000000008e400000, 0x000000008e400000| Untracked 
|  57|0x000000008e500000, 0x000000008e500000, 0x000000008e600000|  0%| F|  |TAMS 0x000000008e500000, 0x000000008e500000| Untracked 
|  58|0x000000008e600000, 0x000000008e600000, 0x000000008e700000|  0%| F|  |TAMS 0x000000008e600000, 0x000000008e600000| Untracked 
|  59|0x000000008e700000, 0x000000008e700000, 0x000000008e800000|  0%| F|  |TAMS 0x000000008e700000, 0x000000008e700000| Untracked 
|  60|0x000000008e800000, 0x000000008e800000, 0x000000008e900000|  0%| F|  |TAMS 0x000000008e800000, 0x000000008e800000| Untracked 
|  61|0x000000008e900000, 0x000000008e900000, 0x000000008ea00000|  0%| F|  |TAMS 0x000000008e900000, 0x000000008e900000| Untracked 
|  62|0x000000008ea00000, 0x000000008ea00000, 0x000000008eb00000|  0%| F|  |TAMS 0x000000008ea00000, 0x000000008ea00000| Untracked 
|  63|0x000000008eb00000, 0x000000008eb00000, 0x000000008ec00000|  0%| F|  |TAMS 0x000000008eb00000, 0x000000008eb00000| Untracked 
|  64|0x000000008ec00000, 0x000000008ec00000, 0x000000008ed00000|  0%| F|  |TAMS 0x000000008ec00000, 0x000000008ec00000| Untracked 
|  65|0x000000008ed00000, 0x000000008ed00000, 0x000000008ee00000|  0%| F|  |TAMS 0x000000008ed00000, 0x000000008ed00000| Untracked 
|  66|0x000000008ee00000, 0x000000008ee00000, 0x000000008ef00000|  0%| F|  |TAMS 0x000000008ee00000, 0x000000008ee00000| Untracked 
|  67|0x000000008ef00000, 0x000000008ef00000, 0x000000008f000000|  0%| F|  |TAMS 0x000000008ef00000, 0x000000008ef00000| Untracked 
|  68|0x000000008f000000, 0x000000008f000000, 0x000000008f100000|  0%| F|  |TAMS 0x000000008f000000, 0x000000008f000000| Untracked 
|  69|0x000000008f100000, 0x000000008f100000, 0x000000008f200000|  0%| F|  |TAMS 0x000000008f100000, 0x000000008f100000| Untracked 
|  70|0x000000008f200000, 0x000000008f200000, 0x000000008f300000|  0%| F|  |TAMS 0x000000008f200000, 0x000000008f200000| Untracked 
|  71|0x000000008f300000, 0x000000008f300000, 0x000000008f400000|  0%| F|  |TAMS 0x000000008f300000, 0x000000008f300000| Untracked 
|  72|0x000000008f400000, 0x000000008f400000, 0x000000008f500000|  0%| F|  |TAMS 0x000000008f400000, 0x000000008f400000| Untracked 
|  73|0x000000008f500000, 0x000000008f500000, 0x000000008f600000|  0%| F|  |TAMS 0x000000008f500000, 0x000000008f500000| Untracked 
|  74|0x000000008f600000, 0x000000008f600000, 0x000000008f700000|  0%| F|  |TAMS 0x000000008f600000, 0x000000008f600000| Untracked 
|  75|0x000000008f700000, 0x000000008f700000, 0x000000008f800000|  0%| F|  |TAMS 0x000000008f700000, 0x000000008f700000| Untracked 
|  76|0x000000008f800000, 0x000000008f800000, 0x000000008f900000|  0%| F|  |TAMS 0x000000008f800000, 0x000000008f800000| Untracked 
|  77|0x000000008f900000, 0x000000008f900000, 0x000000008fa00000|  0%| F|  |TAMS 0x000000008f900000, 0x000000008f900000| Untracked 
|  78|0x000000008fa00000, 0x000000008fa00000, 0x000000008fb00000|  0%| F|  |TAMS 0x000000008fa00000, 0x000000008fa00000| Untracked 
|  79|0x000000008fb00000, 0x000000008fb00000, 0x000000008fc00000|  0%| F|  |TAMS 0x000000008fb00000, 0x000000008fb00000| Untracked 
|  80|0x000000008fc00000, 0x000000008fc00000, 0x000000008fd00000|  0%| F|  |TAMS 0x000000008fc00000, 0x000000008fc00000| Untracked 
|  81|0x000000008fd00000, 0x000000008fd00000, 0x000000008fe00000|  0%| F|  |TAMS 0x000000008fd00000, 0x000000008fd00000| Untracked 
|  82|0x000000008fe00000, 0x000000008fe00000, 0x000000008ff00000|  0%| F|  |TAMS 0x000000008fe00000, 0x000000008fe00000| Untracked 
|  83|0x000000008ff00000, 0x000000008ff00000, 0x0000000090000000|  0%| F|  |TAMS 0x000000008ff00000, 0x000000008ff00000| Untracked 
|  84|0x0000000090000000, 0x0000000090000000, 0x0000000090100000|  0%| F|  |TAMS 0x0000000090000000, 0x0000000090000000| Untracked 
|  85|0x0000000090100000, 0x0000000090100000, 0x0000000090200000|  0%| F|  |TAMS 0x0000000090100000, 0x0000000090100000| Untracked 
|  86|0x0000000090200000, 0x0000000090200000, 0x0000000090300000|  0%| F|  |TAMS 0x0000000090200000, 0x0000000090200000| Untracked 
|  87|0x0000000090300000, 0x0000000090300000, 0x0000000090400000|  0%| F|  |TAMS 0x0000000090300000, 0x0000000090300000| Untracked 
|  88|0x0000000090400000, 0x0000000090400000, 0x0000000090500000|  0%| F|  |TAMS 0x0000000090400000, 0x0000000090400000| Untracked 
|  89|0x0000000090500000, 0x0000000090500000, 0x0000000090600000|  0%| F|  |TAMS 0x0000000090500000, 0x0000000090500000| Untracked 
|  90|0x0000000090600000, 0x0000000090600000, 0x0000000090700000|  0%| F|  |TAMS 0x0000000090600000, 0x0000000090600000| Untracked 
|  91|0x0000000090700000, 0x0000000090700000, 0x0000000090800000|  0%| F|  |TAMS 0x0000000090700000, 0x0000000090700000| Untracked 
|  92|0x0000000090800000, 0x0000000090800000, 0x0000000090900000|  0%| F|  |TAMS 0x0000000090800000, 0x0000000090800000| Untracked 
|  93|0x0000000090900000, 0x0000000090900000, 0x0000000090a00000|  0%| F|  |TAMS 0x0000000090900000, 0x0000000090900000| Untracked 
|  94|0x0000000090a00000, 0x0000000090a00000, 0x0000000090b00000|  0%| F|  |TAMS 0x0000000090a00000, 0x0000000090a00000| Untracked 
|  95|0x0000000090b00000, 0x0000000090b00000, 0x0000000090c00000|  0%| F|  |TAMS 0x0000000090b00000, 0x0000000090b00000| Untracked 
|  96|0x0000000090c00000, 0x0000000090c00000, 0x0000000090d00000|  0%| F|  |TAMS 0x0000000090c00000, 0x0000000090c00000| Untracked 
|  97|0x0000000090d00000, 0x0000000090d00000, 0x0000000090e00000|  0%| F|  |TAMS 0x0000000090d00000, 0x0000000090d00000| Untracked 
|  98|0x0000000090e00000, 0x0000000090e00000, 0x0000000090f00000|  0%| F|  |TAMS 0x0000000090e00000, 0x0000000090e00000| Untracked 
|  99|0x0000000090f00000, 0x0000000090f00000, 0x0000000091000000|  0%| F|  |TAMS 0x0000000090f00000, 0x0000000090f00000| Untracked 
| 100|0x0000000091000000, 0x0000000091000000, 0x0000000091100000|  0%| F|  |TAMS 0x0000000091000000, 0x0000000091000000| Untracked 
| 101|0x0000000091100000, 0x0000000091100000, 0x0000000091200000|  0%| F|  |TAMS 0x0000000091100000, 0x0000000091100000| Untracked 
| 102|0x0000000091200000, 0x0000000091200000, 0x0000000091300000|  0%| F|  |TAMS 0x0000000091200000, 0x0000000091200000| Untracked 
| 103|0x0000000091300000, 0x0000000091300000, 0x0000000091400000|  0%| F|  |TAMS 0x0000000091300000, 0x0000000091300000| Untracked 
| 104|0x0000000091400000, 0x0000000091400000, 0x0000000091500000|  0%| F|  |TAMS 0x0000000091400000, 0x0000000091400000| Untracked 
| 105|0x0000000091500000, 0x0000000091500000, 0x0000000091600000|  0%| F|  |TAMS 0x0000000091500000, 0x0000000091500000| Untracked 
| 106|0x0000000091600000, 0x0000000091600000, 0x0000000091700000|  0%| F|  |TAMS 0x0000000091600000, 0x0000000091600000| Untracked 
| 107|0x0000000091700000, 0x0000000091700000, 0x0000000091800000|  0%| F|  |TAMS 0x0000000091700000, 0x0000000091700000| Untracked 
| 108|0x0000000091800000, 0x0000000091800000, 0x0000000091900000|  0%| F|  |TAMS 0x0000000091800000, 0x0000000091800000| Untracked 
| 109|0x0000000091900000, 0x0000000091900000, 0x0000000091a00000|  0%| F|  |TAMS 0x0000000091900000, 0x0000000091900000| Untracked 
| 110|0x0000000091a00000, 0x0000000091a00000, 0x0000000091b00000|  0%| F|  |TAMS 0x0000000091a00000, 0x0000000091a00000| Untracked 
| 111|0x0000000091b00000, 0x0000000091b00000, 0x0000000091c00000|  0%| F|  |TAMS 0x0000000091b00000, 0x0000000091b00000| Untracked 
| 112|0x0000000091c00000, 0x0000000091c00000, 0x0000000091d00000|  0%| F|  |TAMS 0x0000000091c00000, 0x0000000091c00000| Untracked 
| 113|0x0000000091d00000, 0x0000000091d00000, 0x0000000091e00000|  0%| F|  |TAMS 0x0000000091d00000, 0x0000000091d00000| Untracked 
| 114|0x0000000091e00000, 0x0000000091e00000, 0x0000000091f00000|  0%| F|  |TAMS 0x0000000091e00000, 0x0000000091e00000| Untracked 
| 115|0x0000000091f00000, 0x0000000091fec478, 0x0000000092000000| 92%| E|  |TAMS 0x0000000091f00000, 0x0000000091f00000| Complete 
| 116|0x0000000092000000, 0x0000000092100000, 0x0000000092100000|100%| E|CS|TAMS 0x0000000092000000, 0x0000000092000000| Complete 
| 117|0x0000000092100000, 0x0000000092200000, 0x0000000092200000|100%| E|CS|TAMS 0x0000000092100000, 0x0000000092100000| Complete 

Card table byte_map: [0x0000020478ec0000,0x0000020479270000] _byte_map_base: 0x0000020478a6a000

Marking Bits (Prev, Next): (CMBitMap*) 0x00000204616c9b60, (CMBitMap*) 0x00000204616c9ba0
 Prev Bits: [0x0000020479620000, 0x000002047b370000)
 Next Bits: [0x000002047b370000, 0x000002047d0c0000)

Polling page: 0x000002045f5f0000

Metaspace:

Usage:
  Non-class:    386.26 KB used.
      Class:     15.07 KB used.
       Both:    401.33 KB used.

Virtual space:
  Non-class space:       64.00 MB reserved,     448.00 KB ( <1%) committed,  1 nodes.
      Class space:        1.00 GB reserved,     128.00 KB ( <1%) committed,  1 nodes.
             Both:        1.06 GB reserved,     576.00 KB ( <1%) committed. 

Chunk freelists:
   Non-Class:  4.00 MB
       Class:  3.75 MB
        Both:  7.74 MB

MaxMetaspaceSize: unlimited
CompressedClassSpaceSize: 1.00 GB
Initial GC threshold: 21.00 MB
Current GC threshold: 21.00 MB
CDS: on
MetaspaceReclaimPolicy: balanced
 - commit_granule_bytes: 65536.
 - commit_granule_words: 8192.
 - virtual_space_node_default_size: 8388608.
 - enlarge_chunks_in_place: 1.
 - new_chunks_are_fully_committed: 0.
 - uncommit_free_chunks: 1.
 - use_allocation_guard: 0.


Internal statistics:

num_allocs_failed_limit: 0.
num_arena_births: 6.
num_arena_deaths: 0.
num_vsnodes_births: 2.
num_vsnodes_deaths: 0.
num_space_committed: 9.
num_space_uncommitted: 0.
num_chunks_returned_to_freelist: 0.
num_chunks_taken_from_freelist: 7.
num_chunk_merges: 0.
num_chunk_splits: 4.
num_chunks_enlarged: 2.
num_inconsistent_stats: 0.

CodeHeap 'non-profiled nmethods': size=120000Kb used=70Kb max_used=70Kb free=119929Kb
 bounds [0x0000020471090000, 0x0000020471300000, 0x00000204785c0000]
CodeHeap 'profiled nmethods': size=120000Kb used=354Kb max_used=354Kb free=119645Kb
 bounds [0x00000204695c0000, 0x0000020469830000, 0x0000020470af0000]
CodeHeap 'non-nmethods': size=5760Kb used=1187Kb max_used=1203Kb free=4572Kb
 bounds [0x0000020470af0000, 0x0000020470d60000, 0x0000020471090000]
 total_blobs=644 nmethods=264 adapters=291
 compilation: enabled
              stopped_count=0, restarted_count=0
 full_count=0

Compilation events (20 events):
Event: 0.187 Thread 0x000002047fd38050 nmethod 208 0x0000020469614710 code [0x00000204696148c0, 0x0000020469614a68]
Event: 0.187 Thread 0x000002047fd38050  217       2       java.lang.Character::codePointAt (51 bytes)
Event: 0.187 Thread 0x000002047fd38050 nmethod 217 0x0000020469614b90 code [0x0000020469614d60, 0x0000020469614fa8]
Event: 0.187 Thread 0x000002047fd38050  258       3       java.util.stream.Streams$AbstractStreamBuilderImpl::<init> (5 bytes)
Event: 0.187 Thread 0x000002047fd38050 nmethod 258 0x0000020469615090 code [0x0000020469615240, 0x0000020469615398]
Event: 0.187 Thread 0x000002047fd38050  254       3       java.util.HashMap::afterNodeAccess (1 bytes)
Event: 0.187 Thread 0x000002047fd38050 nmethod 254 0x0000020469615490 code [0x0000020469615620, 0x0000020469615738]
Event: 0.187 Thread 0x000002047fd38050  266       3       jdk.internal.module.ModulePath$$Lambda$50/0x80000005a::apply (12 bytes)
Event: 0.188 Thread 0x000002047fd38050 nmethod 266 0x0000020469615810 code [0x00000204696159c0, 0x0000020469615c08]
Event: 0.188 Thread 0x000002047fd38050  267       3       jdk.internal.module.ModulePath::toPackageName (120 bytes)
Event: 0.189 Thread 0x000002047fd38050 nmethod 267 0x0000020469615d10 code [0x0000020469616060, 0x0000020469617098]
Event: 0.189 Thread 0x000002047fd38050  261       3       java.lang.String::lastIndexOf (10 bytes)
Event: 0.189 Thread 0x000002047fd2ef30 nmethod 268 0x00000204710a0390 code [0x00000204710a0520, 0x00000204710a06b8]
Event: 0.189 Thread 0x000002047fd2ef30  269       4       java.util.ImmutableCollections$SetN::probe (56 bytes)
Event: 0.189 Thread 0x000002047fd38050 nmethod 261 0x0000020469617710 code [0x00000204696178c0, 0x0000020469617b08]
Event: 0.189 Thread 0x000002047fd38050  262       3       java.lang.String::lastIndexOf (18 bytes)
Event: 0.189 Thread 0x000002047fd38050 nmethod 262 0x0000020469617c10 code [0x0000020469617de0, 0x00000204696180a8]
Event: 0.189 Thread 0x000002047fd38050  263       3       java.lang.String::lastIndexOf (104 bytes)
Event: 0.190 Thread 0x000002047fd38050 nmethod 263 0x0000020469618210 code [0x0000020469618420, 0x0000020469618988]
Event: 0.190 Thread 0x000002047fd38050  264       3       java.util.stream.ReferencePipeline$Head::forEach (26 bytes)

GC Heap History (0 events):
No events

Dll operation events (5 events):
Event: 0.015 Loaded shared library C:\Program Files\Java\jdk-19\bin\java.dll
Event: 0.035 Loaded shared library C:\Program Files\Java\jdk-19\bin\jsvml.dll
Event: 0.130 Loaded shared library C:\Program Files\Java\jdk-19\bin\net.dll
Event: 0.135 Loaded shared library C:\Program Files\Java\jdk-19\bin\nio.dll
Event: 0.145 Loaded shared library C:\Program Files\Java\jdk-19\bin\zip.dll

Deoptimization events (0 events):
No events

Classes loaded (12 events):
Event: 0.187 Loading class sun/security/util/ManifestEntryVerifier
Event: 0.188 Loading class sun/security/util/ManifestEntryVerifier done
Event: 0.188 Loading class java/io/BufferedReader
Event: 0.188 Loading class java/io/Reader
Event: 0.188 Loading class java/io/Reader done
Event: 0.188 Loading class java/io/BufferedReader done
Event: 0.188 Loading class java/io/InputStreamReader
Event: 0.188 Loading class java/io/InputStreamReader done
Event: 0.189 Loading class sun/nio/cs/StreamDecoder
Event: 0.189 Loading class sun/nio/cs/StreamDecoder done
Event: 0.189 Loading class sun/nio/cs/UTF_8$Decoder
Event: 0.189 Loading class sun/nio/cs/UTF_8$Decoder done

Classes unloaded (0 events):
No events

Classes redefined (0 events):
No events

Internal exceptions (0 events):
No events

VM Operations (2 events):
Event: 0.146 Executing VM operation: HandshakeAllThreads
Event: 0.146 Executing VM operation: HandshakeAllThreads done

Events (11 events):
Event: 0.036 Thread 0x000002046166cc30 Thread added: 0x000002046166cc30
Event: 0.062 Thread 0x000002047fd1b0d0 Thread added: 0x000002047fd1b0d0
Event: 0.062 Thread 0x000002047fd1bcc0 Thread added: 0x000002047fd1bcc0
Event: 0.063 Thread 0x000002047fd222d0 Thread added: 0x000002047fd222d0
Event: 0.063 Thread 0x000002047fd26830 Thread added: 0x000002047fd26830
Event: 0.063 Thread 0x000002047fd28520 Thread added: 0x000002047fd28520
Event: 0.063 Thread 0x000002047fd29a10 Thread added: 0x000002047fd29a10
Event: 0.063 Thread 0x000002047fd2ef30 Thread added: 0x000002047fd2ef30
Event: 0.064 Thread 0x000002047fd38050 Thread added: 0x000002047fd38050
Event: 0.064 Thread 0x000002047fd43180 Thread added: 0x000002047fd43180
Event: 0.109 Thread 0x00000204040c5f00 Thread added: 0x00000204040c5f00


Dynamic libraries:
0x00007ff621090000 - 0x00007ff6210a0000 	C:\Program Files\Java\jdk-19\bin\javaw.exe
0x00007ffddf910000 - 0x00007ffddfb27000 	C:\WINDOWS\SYSTEM32\ntdll.dll
0x00007ffdddd00000 - 0x00007ffddddc4000 	C:\WINDOWS\System32\KERNEL32.DLL
0x00007ffddce10000 - 0x00007ffddd1bd000 	C:\WINDOWS\System32\KERNELBASE.dll
0x00007ffddd1c0000 - 0x00007ffddd2d1000 	C:\WINDOWS\System32\ucrtbase.dll
0x00007ffdd7da0000 - 0x00007ffdd7db8000 	C:\Program Files\Java\jdk-19\bin\jli.dll
0x00007ffdcc840000 - 0x00007ffdcc85b000 	C:\Program Files\Java\jdk-19\bin\VCRUNTIME140.dll
0x00007ffddde90000 - 0x00007ffdddf42000 	C:\WINDOWS\System32\ADVAPI32.dll
0x00007ffdddf90000 - 0x00007ffdde037000 	C:\WINDOWS\System32\msvcrt.dll
0x00007ffddf820000 - 0x00007ffddf8c9000 	C:\WINDOWS\System32\sechost.dll
0x00007ffddd2e0000 - 0x00007ffddd308000 	C:\WINDOWS\System32\bcrypt.dll
0x00007ffddee50000 - 0x00007ffddef64000 	C:\WINDOWS\System32\RPCRT4.dll
0x00007ffddf310000 - 0x00007ffddf4be000 	C:\WINDOWS\System32\USER32.dll
0x00007ffddcd20000 - 0x00007ffddcd46000 	C:\WINDOWS\System32\win32u.dll
0x00007ffdde040000 - 0x00007ffdde069000 	C:\WINDOWS\System32\GDI32.dll
0x00007ffddd480000 - 0x00007ffddd599000 	C:\WINDOWS\System32\gdi32full.dll
0x00007ffddd5a0000 - 0x00007ffddd63a000 	C:\WINDOWS\System32\msvcp_win.dll
0x00007ffdc5320000 - 0x00007ffdc55b3000 	C:\WINDOWS\WinSxS\amd64_microsoft.windows.common-controls_6595b64144ccf1df_6.0.22621.3672_none_2713b9d173822955\COMCTL32.dll
0x00007ffdd3460000 - 0x00007ffdd346a000 	C:\WINDOWS\SYSTEM32\VERSION.dll
0x00007ffdddf50000 - 0x00007ffdddf81000 	C:\WINDOWS\System32\IMM32.DLL
0x00007ffdd7d90000 - 0x00007ffdd7d9c000 	C:\Program Files\Java\jdk-19\bin\vcruntime140_1.dll
0x00007ffd887d0000 - 0x00007ffd8885e000 	C:\Program Files\Java\jdk-19\bin\msvcp140.dll
0x00007ffd87b10000 - 0x00007ffd887d0000 	C:\Program Files\Java\jdk-19\bin\server\jvm.dll
0x00007ffdd72d0000 - 0x00007ffdd7304000 	C:\WINDOWS\SYSTEM32\WINMM.dll
0x00007ffdbc230000 - 0x00007ffdbc239000 	C:\WINDOWS\SYSTEM32\WSOCK32.dll
0x00007ffdde0e0000 - 0x00007ffdde151000 	C:\WINDOWS\System32\WS2_32.dll
0x00007ffddbc80000 - 0x00007ffddbc98000 	C:\WINDOWS\SYSTEM32\kernel.appcore.dll
0x00007ffdcc620000 - 0x00007ffdcc62a000 	C:\Program Files\Java\jdk-19\bin\jimage.dll
0x00007ffdd5f70000 - 0x00007ffdd61a2000 	C:\WINDOWS\SYSTEM32\DBGHELP.DLL
0x00007ffddd970000 - 0x00007ffdddcfe000 	C:\WINDOWS\System32\combase.dll
0x00007ffddef70000 - 0x00007ffddf047000 	C:\WINDOWS\System32\OLEAUT32.dll
0x00007ffdbe220000 - 0x00007ffdbe252000 	C:\WINDOWS\SYSTEM32\dbgcore.DLL
0x00007ffddcc30000 - 0x00007ffddccab000 	C:\WINDOWS\System32\bcryptPrimitives.dll
0x00007ffdaee90000 - 0x00007ffdaeeb6000 	C:\Program Files\Java\jdk-19\bin\java.dll
0x00007ffd87a30000 - 0x00007ffd87b07000 	C:\Program Files\Java\jdk-19\bin\jsvml.dll
0x00007ffdde160000 - 0x00007ffdde9c7000 	C:\WINDOWS\System32\SHELL32.dll
0x00007ffddab80000 - 0x00007ffddb47f000 	C:\WINDOWS\SYSTEM32\windows.storage.dll
0x00007ffddaa40000 - 0x00007ffddab7f000 	C:\WINDOWS\SYSTEM32\wintypes.dll
0x00007ffddf4c0000 - 0x00007ffddf5b9000 	C:\WINDOWS\System32\SHCORE.dll
0x00007ffdde080000 - 0x00007ffdde0de000 	C:\WINDOWS\System32\shlwapi.dll
0x00007ffddcb60000 - 0x00007ffddcb87000 	C:\WINDOWS\SYSTEM32\profapi.dll
0x00007ffda7c40000 - 0x00007ffda7c53000 	C:\Program Files\Java\jdk-19\bin\net.dll
0x00007ffdd85b0000 - 0x00007ffdd86e6000 	C:\WINDOWS\SYSTEM32\WINHTTP.dll
0x00007ffddc0f0000 - 0x00007ffddc159000 	C:\WINDOWS\system32\mswsock.dll
0x00007ffda7c20000 - 0x00007ffda7c36000 	C:\Program Files\Java\jdk-19\bin\nio.dll
0x00007ffda7c00000 - 0x00007ffda7c18000 	C:\Program Files\Java\jdk-19\bin\zip.dll

dbghelp: loaded successfully - version: 4.0.5 - missing functions: none
symbol engine: initialized successfully - sym options: 0x614 - pdb path: .;C:\Program Files\Java\jdk-19\bin;C:\WINDOWS\SYSTEM32;C:\WINDOWS\WinSxS\amd64_microsoft.windows.common-controls_6595b64144ccf1df_6.0.22621.3672_none_2713b9d173822955;C:\Program Files\Java\jdk-19\bin\server

VM Arguments:
jvm_args: -Dfile.encoding=UTF-8 --module-path=C:\Users\hp\Downloads\mysql-connector-j-8.4.0\mysql-connector-j-8.4.0\mysql-connector-j-8.4.0.jar -XX:+ShowCodeDetailsInExceptionMessages 
java_command: learn.UpdateCustomer
java_class_path (initial): C:\Users\hp\eclipse-workspace\a101\Assignment2\Questions\Travel Management System\bin
Launcher Type: SUN_STANDARD

[Global flags]
     intx CICompilerCount                          = 4                                         {product} {ergonomic}
     uint ConcGCThreads                            = 3                                         {product} {ergonomic}
     uint G1ConcRefinementThreads                  = 10                                        {product} {ergonomic}
   size_t G1HeapRegionSize                         = 1048576                                   {product} {ergonomic}
    uintx GCDrainStackTargetSize                   = 64                                        {product} {ergonomic}
   size_t InitialHeapSize                          = 123731968                                 {product} {ergonomic}
   size_t MarkStackSize                            = 4194304                                   {product} {ergonomic}
   size_t MaxHeapSize                              = 1967128576                                {product} {ergonomic}
   size_t MaxNewSize                               = 1179648000                                {product} {ergonomic}
   size_t MinHeapDeltaBytes                        = 1048576                                   {product} {ergonomic}
   size_t MinHeapSize                              = 8388608                                   {product} {ergonomic}
    uintx NonNMethodCodeHeapSize                   = 5839372                                {pd product} {ergonomic}
    uintx NonProfiledCodeHeapSize                  = 122909434                              {pd product} {ergonomic}
    uintx ProfiledCodeHeapSize                     = 122909434                              {pd product} {ergonomic}
    uintx ReservedCodeCacheSize                    = 251658240                              {pd product} {ergonomic}
     bool SegmentedCodeCache                       = true                                      {product} {ergonomic}
     bool ShowCodeDetailsInExceptionMessages       = true                                   {manageable} {command line}
   size_t SoftMaxHeapSize                          = 1967128576                             {manageable} {ergonomic}
     bool UseCompressedClassPointers               = true                           {product lp64_product} {ergonomic}
     bool UseCompressedOops                        = true                           {product lp64_product} {ergonomic}
     bool UseG1GC                                  = true                                      {product} {ergonomic}
     bool UseLargePagesIndividualAllocation        = false                                  {pd product} {ergonomic}

Logging:
Log output configuration:
 #0: stdout all=warning uptime,level,tags foldmultilines=false
 #1: stderr all=off uptime,level,tags foldmultilines=false

Environment Variables:
PATH=C:\Program Files\Common Files\Oracle\Java\javapath;C:\Program Files (x86)\Common Files\Oracle\Java\javapath;C:\WINDOWS\system32;C:\WINDOWS;C:\WINDOWS\System32\Wbem;C:\WINDOWS\System32\WindowsPowerShell\v1.0\;C:\WINDOWS\System32\OpenSSH\;C:\Program Files\Java\jdk-19\bin;C:\ProgramData\chocolatey\bin;C:\Program Files\PuTTY\;C:\Users\hp\AppData\Local\Programs\Python\Python312\;C:\Program Files\Git\cmd;C:\Program Files\nodejs\;C:\MinGW\bin;C:\Program Files\MySQL\MySQL Server 8.0\bin;C:\Program Files\MySQL\MySQL Shell 8.0\bin\;C:\Users\hp\AppData\Local\Programs\Python\Python312\Scripts\;C:\Users\hp\AppData\Local\Programs\Python\Python312\;C:\Users\hp\AppData\Local\Microsoft\WindowsApps;C:\Program Files\JetBrains\IntelliJ IDEA Community Edition 2022.2.3\bin;;C:\Users\hp\AppData\Local\Programs\Microsoft VS Code\bin;C:\Users\hp\AppData\Roaming\npm;C:\Users\hp\AppData\Local\GitHubDesktop\bin
USERNAME=hp
OS=Windows_NT
PROCESSOR_IDENTIFIER=AMD64 Family 23 Model 104 Stepping 1, AuthenticAMD
TMP=C:\Users\hp\AppData\Local\Temp
TEMP=C:\Users\hp\AppData\Local\Temp



---------------  S Y S T E M  ---------------

OS:
 Windows 11 , 64 bit Build 22621 (10.0.22621.3958)
OS uptime: 2 days 22:06 hours
Hyper-V role detected

CPU: total 12 (initial active 12) (12 cores per cpu, 2 threads per core) family 23 model 104 stepping 1 microcode 0x0, cx8, cmov, fxsr, ht, mmx, 3dnowpref, sse, sse2, sse3, ssse3, sse4a, sse4.1, sse4.2, popcnt, lzcnt, tsc, tscinvbit, avx, avx2, aes, clmul, bmi1, bmi2, adx, sha, fma, vzeroupper, clflush, clflushopt, hv, rdtscp, rdpid

Memory: 4k page, system-wide physical 7501M (374M free)
TotalPageFile size 18954M (AvailPageFile size 3M)
current process WorkingSet (physical memory assigned to process): 33M, peak: 33M
current process commit charge ("private bytes"): 205M, peak: 205M

vm_info: Java HotSpot(TM) 64-Bit Server VM (19+36-2238) for windows-amd64 JRE (19+36-2238), built on 2022-08-12T20:29:01Z by "mach5one" with MS VC++ 17.1 (VS2022)

END.
