#
# There is insufficient memory for the Java Runtime Environment to continue.
# Native memory allocation (mmap) failed to map 123731968 bytes for G1 virtual space
# Possible reasons:
#   The system is out of physical RAM or swap space
#   The process is running with CompressedOops enabled, and the Java Heap may be blocking the growth of the native heap
# Possible solutions:
#   Reduce memory load on the system
#   Increase physical memory or swap space
#   Check if swap backing store is full
#   Decrease Java heap size (-Xmx/-Xms)
#   Decrease number of Java threads
#   Decrease Java thread stack sizes (-Xss)
#   Set larger code cache with -XX:ReservedCodeCacheSize=
#   JVM is running with Unscaled Compressed Oops mode in which the Java heap is
#     placed in the first 4GB address space. The Java Heap base address is the
#     maximum limit for the native heap growth. Please use -XX:HeapBaseMinAddress
#     to set the Java Heap base and to place the Java Heap above 4GB virtual address.
# This output file may be truncated or incomplete.
#
#  Out of Memory Error (os_windows.cpp:3527), pid=3448, tid=17076
#
# JRE version:  (19.0+36) (build )
# Java VM: Java HotSpot(TM) 64-Bit Server VM (19+36-2238, mixed mode, sharing, tiered, compressed oops, compressed class ptrs, g1 gc, windows-amd64)
# No core dump will be written. Minidumps are not enabled by default on client versions of Windows
#

---------------  S U M M A R Y ------------

Command Line: -Dfile.encoding=UTF-8 --module-path=C:\Users\hp\Downloads\mysql-connector-j-8.4.0\mysql-connector-j-8.4.0\mysql-connector-j-8.4.0.jar -XX:+ShowCodeDetailsInExceptionMessages learn.Dashboard

Host: AMD Ryzen 5 5500U with Radeon Graphics         , 12 cores, 7G,  Windows 11 , 64 bit Build 22621 (10.0.22621.3958)
Time: Sat Sep 28 20:50:19 2024 India Standard Time elapsed time: 0.018631 seconds (0d 0h 0m 0s)

---------------  T H R E A D  ---------------

Current thread (0x00000175d5fde4a0):  JavaThread "Unknown thread" [_thread_in_vm, id=17076, stack(0x0000002564f00000,0x0000002565000000)]

Stack: [0x0000002564f00000,0x0000002565000000]
Native frames: (J=compiled Java code, j=interpreted, Vv=VM code, C=native code)
V  [jvm.dll+0x6ee8fa]
V  [jvm.dll+0x857a1e]
V  [jvm.dll+0x85940e]
V  [jvm.dll+0x859ac3]
V  [jvm.dll+0x28291f]
V  [jvm.dll+0x6eb6e9]
V  [jvm.dll+0x6e028a]
V  [jvm.dll+0x357136]
V  [jvm.dll+0x35eb96]
V  [jvm.dll+0x3b555e]
V  [jvm.dll+0x3b578f]
V  [jvm.dll+0x32c6ea]
V  [jvm.dll+0x32d59e]
V  [jvm.dll+0x821b20]
V  [jvm.dll+0x3c27c1]
V  [jvm.dll+0x8022f1]
V  [jvm.dll+0x44b30f]
V  [jvm.dll+0x44cc91]
C  [jli.dll+0x5287]
C  [ucrtbase.dll+0x29333]
C  [KERNEL32.DLL+0x1257d]
C  [ntdll.dll+0x5af28]


---------------  P R O C E S S  ---------------

Threads class SMR info:
_java_thread_list=0x00007ffee106d048, length=0, elements={
}

Java Threads: ( => current thread )

Other Threads:
  0x00000175d603b0a0 WorkerThread "GC Thread#0" [stack: 0x0000002565000000,0x0000002565100000] [id=2848]
  0x00000175d604ab30 ConcurrentGCThread "G1 Main Marker" [stack: 0x0000002565100000,0x0000002565200000] [id=18748]
  0x00000175d604bc10 WorkerThread "G1 Conc#0" [stack: 0x0000002565200000,0x0000002565300000] [id=7600]

[error occurred during error reporting (printing all threads), id 0xc0000005, EXCEPTION_ACCESS_VIOLATION (0xc0000005) at pc=0x00007ffee082d127]

VM state: not at safepoint (not fully initialized)

VM Mutex/Monitor currently owned by a thread:  ([mutex/lock_event])
[0x00000175d5fd86d0] Heap_lock - owner thread: 0x00000175d5fde4a0

Heap address: 0x000000008ac00000, size: 1876 MB, Compressed Oops mode: 32-bit

CDS archive(s) mapped at: [0x0000000000000000-0x0000000000000000-0x0000000000000000), size 0, SharedBaseAddress: 0x0000000800000000, ArchiveRelocationMode: 0.
Narrow klass base: 0x0000000000000000, Narrow klass shift: 0, Narrow klass range: 0x0

GC Precious Log:
 CardTable entry size: 512
 Card Set container configuration: InlinePtr #cards 5 size 8 Array Of Cards #cards 12 size 40 Howl #buckets 4 coarsen threshold 1843 Howl Bitmap #cards 512 size 80 coarsen threshold 460 Card regions per heap region 1 cards per card region 2048

Heap:
 garbage-first heap   total 0K, used 0K [0x000000008ac00000, 0x0000000100000000)
  region size 1024K, 0 young (0K), 0 survivors (0K)

[error occurred during error reporting (printing heap information), id 0xc0000005, EXCEPTION_ACCESS_VIOLATION (0xc0000005) at pc=0x00007ffee0c36959]

GC Heap History (0 events):
No events

Dll operation events (1 events):
Event: 0.013 Loaded shared library C:\Program Files\Java\jdk-19\bin\java.dll

Deoptimization events (0 events):
No events

Classes loaded (0 events):
No events

Classes unloaded (0 events):
No events

Classes redefined (0 events):
No events

Internal exceptions (0 events):
No events

VM Operations (0 events):
No events

Events (0 events):
No events


Dynamic libraries:
0x00007ff754da0000 - 0x00007ff754db0000 	C:\Program Files\Java\jdk-19\bin\javaw.exe
0x00007fff5ed30000 - 0x00007fff5ef47000 	C:\WINDOWS\SYSTEM32\ntdll.dll
0x00007fff5e170000 - 0x00007fff5e234000 	C:\WINDOWS\System32\KERNEL32.DLL
0x00007fff5c590000 - 0x00007fff5c93d000 	C:\WINDOWS\System32\KERNELBASE.dll
0x00007fff5c300000 - 0x00007fff5c411000 	C:\WINDOWS\System32\ucrtbase.dll
0x00007fff46970000 - 0x00007fff4698b000 	C:\Program Files\Java\jdk-19\bin\VCRUNTIME140.dll
0x00007fff47a90000 - 0x00007fff47aa8000 	C:\Program Files\Java\jdk-19\bin\jli.dll
0x00007fff5e760000 - 0x00007fff5e812000 	C:\WINDOWS\System32\ADVAPI32.dll
0x00007fff5e8f0000 - 0x00007fff5e997000 	C:\WINDOWS\System32\msvcrt.dll
0x00007fff5e9b0000 - 0x00007fff5ea59000 	C:\WINDOWS\System32\sechost.dll
0x00007fff5c2d0000 - 0x00007fff5c2f8000 	C:\WINDOWS\System32\bcrypt.dll
0x00007fff5e2d0000 - 0x00007fff5e3e4000 	C:\WINDOWS\System32\RPCRT4.dll
0x00007fff5ea60000 - 0x00007fff5ec0e000 	C:\WINDOWS\System32\USER32.dll
0x00007fff5c050000 - 0x00007fff5c076000 	C:\WINDOWS\System32\win32u.dll
0x00007fff5e240000 - 0x00007fff5e269000 	C:\WINDOWS\System32\GDI32.dll
0x00007fff43a00000 - 0x00007fff43c93000 	C:\WINDOWS\WinSxS\amd64_microsoft.windows.common-controls_6595b64144ccf1df_6.0.22621.3672_none_2713b9d173822955\COMCTL32.dll
0x00007fff5c940000 - 0x00007fff5ca59000 	C:\WINDOWS\System32\gdi32full.dll
0x00007fff5c230000 - 0x00007fff5c2ca000 	C:\WINDOWS\System32\msvcp_win.dll
0x00007fff532a0000 - 0x00007fff532aa000 	C:\WINDOWS\SYSTEM32\VERSION.dll
0x00007fff5e4f0000 - 0x00007fff5e521000 	C:\WINDOWS\System32\IMM32.DLL
0x00007fff54400000 - 0x00007fff5440c000 	C:\Program Files\Java\jdk-19\bin\vcruntime140_1.dll
0x00007fff265b0000 - 0x00007fff2663e000 	C:\Program Files\Java\jdk-19\bin\msvcp140.dll
0x00007ffee04f0000 - 0x00007ffee11b0000 	C:\Program Files\Java\jdk-19\bin\server\jvm.dll
0x00007fff3ab80000 - 0x00007fff3ab89000 	C:\WINDOWS\SYSTEM32\WSOCK32.dll
0x00007fff54550000 - 0x00007fff54584000 	C:\WINDOWS\SYSTEM32\WINMM.dll
0x00007fff5e6e0000 - 0x00007fff5e751000 	C:\WINDOWS\System32\WS2_32.dll
0x00007fff5b190000 - 0x00007fff5b1a8000 	C:\WINDOWS\SYSTEM32\kernel.appcore.dll
0x00007fff53540000 - 0x00007fff5354a000 	C:\Program Files\Java\jdk-19\bin\jimage.dll
0x00007fff56780000 - 0x00007fff569b2000 	C:\WINDOWS\SYSTEM32\DBGHELP.DLL
0x00007fff5dc90000 - 0x00007fff5e01e000 	C:\WINDOWS\System32\combase.dll
0x00007fff5ec10000 - 0x00007fff5ece7000 	C:\WINDOWS\System32\OLEAUT32.dll
0x00007fff3e3e0000 - 0x00007fff3e412000 	C:\WINDOWS\SYSTEM32\dbgcore.DLL
0x00007fff5c080000 - 0x00007fff5c0fb000 	C:\WINDOWS\System32\bcryptPrimitives.dll
0x00007fff2a500000 - 0x00007fff2a526000 	C:\Program Files\Java\jdk-19\bin\java.dll

dbghelp: loaded successfully - version: 4.0.5 - missing functions: none
symbol engine: initialized successfully - sym options: 0x614 - pdb path: .;C:\Program Files\Java\jdk-19\bin;C:\WINDOWS\SYSTEM32;C:\WINDOWS\WinSxS\amd64_microsoft.windows.common-controls_6595b64144ccf1df_6.0.22621.3672_none_2713b9d173822955;C:\Program Files\Java\jdk-19\bin\server

VM Arguments:
jvm_args: -Dfile.encoding=UTF-8 --module-path=C:\Users\hp\Downloads\mysql-connector-j-8.4.0\mysql-connector-j-8.4.0\mysql-connector-j-8.4.0.jar -XX:+ShowCodeDetailsInExceptionMessages 
java_command: learn.Dashboard
java_class_path (initial): C:\Users\hp\eclipse-workspace\a101\Assignment2\Questions\Travel Management System\bin
Launcher Type: SUN_STANDARD

[Global flags]
     intx CICompilerCount                          = 4                                         {product} {ergonomic}
     uint ConcGCThreads                            = 3                                         {product} {ergonomic}
     uint G1ConcRefinementThreads                  = 10                                        {product} {ergonomic}
   size_t G1HeapRegionSize                         = 1048576                                   {product} {ergonomic}
    uintx GCDrainStackTargetSize                   = 64                                        {product} {ergonomic}
   size_t InitialHeapSize                          = 123731968                                 {product} {ergonomic}
   size_t MarkStackSize                            = 4194304                                   {product} {ergonomic}
   size_t MaxHeapSize                              = 1967128576                                {product} {ergonomic}
   size_t MinHeapDeltaBytes                        = 1048576                                   {product} {ergonomic}
   size_t MinHeapSize                              = 8388608                                   {product} {ergonomic}
    uintx NonNMethodCodeHeapSize                   = 5839372                                {pd product} {ergonomic}
    uintx NonProfiledCodeHeapSize                  = 122909434                              {pd product} {ergonomic}
    uintx ProfiledCodeHeapSize                     = 122909434                              {pd product} {ergonomic}
    uintx ReservedCodeCacheSize                    = 251658240                              {pd product} {ergonomic}
     bool SegmentedCodeCache                       = true                                      {product} {ergonomic}
     bool ShowCodeDetailsInExceptionMessages       = true                                   {manageable} {command line}
   size_t SoftMaxHeapSize                          = 1967128576                             {manageable} {ergonomic}
     bool UseCompressedClassPointers               = true                           {product lp64_product} {ergonomic}
     bool UseCompressedOops                        = true                           {product lp64_product} {ergonomic}
     bool UseG1GC                                  = true                                      {product} {ergonomic}
     bool UseLargePagesIndividualAllocation        = false                                  {pd product} {ergonomic}

Logging:
Log output configuration:
 #0: stdout all=warning uptime,level,tags foldmultilines=false
 #1: stderr all=off uptime,level,tags foldmultilines=false

Environment Variables:
PATH=C:\Program Files\Common Files\Oracle\Java\javapath;C:\Program Files (x86)\Common Files\Oracle\Java\javapath;C:\WINDOWS\system32;C:\WINDOWS;C:\WINDOWS\System32\Wbem;C:\WINDOWS\System32\WindowsPowerShell\v1.0\;C:\WINDOWS\System32\OpenSSH\;C:\Program Files\Java\jdk-19\bin;C:\ProgramData\chocolatey\bin;C:\Program Files\PuTTY\;C:\Users\hp\AppData\Local\Programs\Python\Python312\;C:\Program Files\Git\cmd;C:\Program Files\nodejs\;C:\MinGW\bin;C:\Program Files\MySQL\MySQL Server 8.0\bin;C:\Program Files\MySQL\MySQL Shell 8.0\bin\;C:\Users\hp\AppData\Local\Programs\Python\Python312\Scripts\;C:\Users\hp\AppData\Local\Programs\Python\Python312\;C:\Users\hp\AppData\Local\Microsoft\WindowsApps;C:\Program Files\JetBrains\IntelliJ IDEA Community Edition 2022.2.3\bin;;C:\Users\hp\AppData\Local\Programs\Microsoft VS Code\bin;C:\Users\hp\AppData\Roaming\npm;C:\Users\hp\AppData\Local\GitHubDesktop\bin
USERNAME=hp
OS=Windows_NT
PROCESSOR_IDENTIFIER=AMD64 Family 23 Model 104 Stepping 1, AuthenticAMD
TMP=C:\Users\hp\AppData\Local\Temp
TEMP=C:\Users\hp\AppData\Local\Temp



---------------  S Y S T E M  ---------------

OS:
 Windows 11 , 64 bit Build 22621 (10.0.22621.3958)
OS uptime: 0 days 6:19 hours
Hyper-V role detected

CPU: total 12 (initial active 12) (12 cores per cpu, 2 threads per core) family 23 model 104 stepping 1 microcode 0x0, cx8, cmov, fxsr, ht, mmx, 3dnowpref, sse, sse2, sse3, ssse3, sse4a, sse4.1, sse4.2, popcnt, lzcnt, tsc, tscinvbit, avx, avx2, aes, clmul, bmi1, bmi2, adx, sha, fma, vzeroupper, clflush, clflushopt, hv, rdtscp, rdpid

Memory: 4k page, system-wide physical 7501M (514M free)
TotalPageFile size 18954M (AvailPageFile size 73M)
current process WorkingSet (physical memory assigned to process): 11M, peak: 11M
current process commit charge ("private bytes"): 64M, peak: 182M

vm_info: Java HotSpot(TM) 64-Bit Server VM (19+36-2238) for windows-amd64 JRE (19+36-2238), built on 2022-08-12T20:29:01Z by "mach5one" with MS VC++ 17.1 (VS2022)

END.
