#
# There is insufficient memory for the Java Runtime Environment to continue.
# Native memory allocation (mmap) failed to map 65536 bytes for Failed to commit metaspace.
# Possible reasons:
#   The system is out of physical RAM or swap space
#   The process is running with CompressedOops enabled, and the Java Heap may be blocking the growth of the native heap
# Possible solutions:
#   Reduce memory load on the system
#   Increase physical memory or swap space
#   Check if swap backing store is full
#   Decrease Java heap size (-Xmx/-Xms)
#   Decrease number of Java threads
#   Decrease Java thread stack sizes (-Xss)
#   Set larger code cache with -XX:ReservedCodeCacheSize=
#   JVM is running with Unscaled Compressed Oops mode in which the Java heap is
#     placed in the first 4GB address space. The Java Heap base address is the
#     maximum limit for the native heap growth. Please use -XX:HeapBaseMinAddress
#     to set the Java Heap base and to place the Java Heap above 4GB virtual address.
# This output file may be truncated or incomplete.
#
#  Out of Memory Error (virtualSpaceNode.cpp:110), pid=18872, tid=19064
#
# JRE version: Java(TM) SE Runtime Environment (19.0+36) (build 19+36-2238)
# Java VM: Java HotSpot(TM) 64-Bit Server VM (19+36-2238, mixed mode, sharing, tiered, compressed oops, compressed class ptrs, g1 gc, windows-amd64)
# No core dump will be written. Minidumps are not enabled by default on client versions of Windows
#

---------------  S U M M A R Y ------------

Command Line: -Dfile.encoding=UTF-8 --module-path=C:\Users\hp\Downloads\mysql-connector-j-8.4.0\mysql-connector-j-8.4.0\mysql-connector-j-8.4.0.jar -XX:+ShowCodeDetailsInExceptionMessages learn.Dashboard

Host: AMD Ryzen 5 5500U with Radeon Graphics         , 12 cores, 7G,  Windows 11 , 64 bit Build 22621 (10.0.22621.3958)
Time: Sat Sep 28 23:58:48 2024 India Standard Time elapsed time: 1.038927 seconds (0d 0h 0m 1s)

---------------  T H R E A D  ---------------

Current thread (0x000002537e0fee30):  JavaThread "AWT-EventQueue-0" [_thread_in_vm, id=19064, stack(0x0000009480b00000,0x0000009480c00000)]

Stack: [0x0000009480b00000,0x0000009480c00000]
Native frames: (J=compiled Java code, j=interpreted, Vv=VM code, C=native code)
V  [jvm.dll+0x6ee8fa]
V  [jvm.dll+0x857a1e]
V  [jvm.dll+0x85940e]
V  [jvm.dll+0x859ac3]
V  [jvm.dll+0x28291f]
V  [jvm.dll+0x85369b]
V  [jvm.dll+0x693276]
V  [jvm.dll+0x1f29b7]
V  [jvm.dll+0x695cb2]
V  [jvm.dll+0x695a9e]
V  [jvm.dll+0x693c9e]
V  [jvm.dll+0x3c500f]
V  [jvm.dll+0x21608b]
V  [jvm.dll+0x5aa300]
V  [jvm.dll+0x22567a]
V  [jvm.dll+0x7ccb72]
V  [jvm.dll+0x7cdfba]
V  [jvm.dll+0x7ce73d]
V  [jvm.dll+0x21c654]
V  [jvm.dll+0x21ed1d]
V  [jvm.dll+0x214571]
V  [jvm.dll+0x5aa2d6]
V  [jvm.dll+0x22567a]
V  [jvm.dll+0x7ccb72]
V  [jvm.dll+0x7cdfba]
V  [jvm.dll+0x7ce2e8]
V  [jvm.dll+0x271d6b]
V  [jvm.dll+0x3da3de]
C  0x0000025368f7d307

Java frames: (J=compiled Java code, j=interpreted, Vv=VM code)
j  sun.font.FileFontStrike.<init>(Lsun/font/FileFont;Lsun/font/FontStrikeDesc;)V+529 java.desktop@19
j  sun.font.FileFont.createStrike(Lsun/font/FontStrikeDesc;)Lsun/font/FontStrike;+6 java.desktop@19
j  sun.font.Font2D.getStrike(Lsun/font/FontStrikeDesc;Z)Lsun/font/FontStrike;+85 java.desktop@19
j  sun.font.Font2D.getStrike(Ljava/awt/Font;Ljava/awt/font/FontRenderContext;)Lsun/font/FontStrike;+118 java.desktop@19
j  sun.font.FontDesignMetrics.initMatrixAndMetrics()V+18 java.desktop@19
j  sun.font.FontDesignMetrics.<init>(Ljava/awt/Font;Ljava/awt/font/FontRenderContext;)V+62 java.desktop@19
j  sun.font.FontDesignMetrics.getMetrics(Ljava/awt/Font;Ljava/awt/font/FontRenderContext;)Lsun/font/FontDesignMetrics;+128 java.desktop@19
j  sun.swing.SwingUtilities2.getFontMetrics(Ljavax/swing/JComponent;Ljava/awt/Font;)Ljava/awt/FontMetrics;+15 java.desktop@19
j  javax.swing.JComponent.getFontMetrics(Ljava/awt/Font;)Ljava/awt/FontMetrics;+2 java.desktop@19
j  sun.swing.SwingUtilities2.getFontMetrics(Ljavax/swing/JComponent;Ljava/awt/Graphics;Ljava/awt/Font;)Ljava/awt/FontMetrics;+6 java.desktop@19
j  sun.swing.SwingUtilities2.getFontMetrics(Ljavax/swing/JComponent;Ljava/awt/Graphics;)Ljava/awt/FontMetrics;+6 java.desktop@19
j  javax.swing.plaf.basic.BasicButtonUI.paint(Ljava/awt/Graphics;Ljavax/swing/JComponent;)V+15 java.desktop@19
j  javax.swing.plaf.ComponentUI.update(Ljava/awt/Graphics;Ljavax/swing/JComponent;)V+32 java.desktop@19
j  javax.swing.plaf.metal.MetalButtonUI.update(Ljava/awt/Graphics;Ljavax/swing/JComponent;)V+131 java.desktop@19
j  javax.swing.JComponent.paintComponent(Ljava/awt/Graphics;)V+26 java.desktop@19
j  javax.swing.JComponent.paint(Ljava/awt/Graphics;)V+286 java.desktop@19
j  javax.swing.JComponent.paintChildren(Ljava/awt/Graphics;)V+516 java.desktop@19
j  javax.swing.JComponent.paint(Ljava/awt/Graphics;)V+318 java.desktop@19
j  javax.swing.JComponent.paintChildren(Ljava/awt/Graphics;)V+516 java.desktop@19
j  javax.swing.JComponent.paint(Ljava/awt/Graphics;)V+318 java.desktop@19
j  javax.swing.JComponent.paintChildren(Ljava/awt/Graphics;)V+516 java.desktop@19
j  javax.swing.JComponent.paint(Ljava/awt/Graphics;)V+318 java.desktop@19
j  javax.swing.JLayeredPane.paint(Ljava/awt/Graphics;)V+73 java.desktop@19
j  javax.swing.JComponent.paintChildren(Ljava/awt/Graphics;)V+516 java.desktop@19
j  javax.swing.JComponent.paintToOffscreen(Ljava/awt/Graphics;IIIIII)V+72 java.desktop@19
j  javax.swing.RepaintManager$PaintManager.paintDoubleBufferedFPScales(Ljavax/swing/JComponent;Ljava/awt/Image;Ljava/awt/Graphics;IIII)V+320 java.desktop@19
j  javax.swing.RepaintManager$PaintManager.paintDoubleBuffered(Ljavax/swing/JComponent;Ljava/awt/Image;Ljava/awt/Graphics;IIII)V+28 java.desktop@19
j  javax.swing.RepaintManager$PaintManager.paint(Ljavax/swing/JComponent;Ljavax/swing/JComponent;Ljava/awt/Graphics;IIII)Z+128 java.desktop@19
j  javax.swing.RepaintManager.paint(Ljavax/swing/JComponent;Ljavax/swing/JComponent;Ljava/awt/Graphics;IIII)V+52 java.desktop@19
j  javax.swing.JComponent.paint(Ljava/awt/Graphics;)V+221 java.desktop@19
j  java.awt.GraphicsCallback$PaintCallback.run(Ljava/awt/Component;Ljava/awt/Graphics;)V+2 java.desktop@19
j  sun.awt.SunGraphicsCallback.runOneComponent(Ljava/awt/Component;Ljava/awt/Rectangle;Ljava/awt/Graphics;Ljava/awt/Shape;I)V+130 java.desktop@19
j  sun.awt.SunGraphicsCallback.runComponents([Ljava/awt/Component;Ljava/awt/Graphics;I)V+157 java.desktop@19
j  java.awt.Container.paint(Ljava/awt/Graphics;)V+58 java.desktop@19
j  java.awt.Window.paint(Ljava/awt/Graphics;)V+68 java.desktop@19
j  javax.swing.RepaintManager$4.run()Ljava/lang/Void;+142 java.desktop@19
j  javax.swing.RepaintManager$4.run()Ljava/lang/Object;+1 java.desktop@19
J 846 c1 java.security.AccessController.doPrivileged(Ljava/security/PrivilegedAction;Ljava/security/AccessControlContext;)Ljava/lang/Object; java.base@19 (17 bytes) @ 0x0000025361b712dc [0x0000025361b71100+0x00000000000001dc]
j  java.security.ProtectionDomain$JavaSecurityAccessImpl.doIntersectionPrivilege(Ljava/security/PrivilegedAction;Ljava/security/AccessControlContext;Ljava/security/AccessControlContext;)Ljava/lang/Object;+18 java.base@19
j  javax.swing.RepaintManager.paintDirtyRegions(Ljava/util/Map;)V+154 java.desktop@19
j  javax.swing.RepaintManager.paintDirtyRegions()V+46 java.desktop@19
j  javax.swing.RepaintManager.prePaintDirtyRegions()V+73 java.desktop@19
j  javax.swing.RepaintManager$ProcessingRunnable.run()V+37 java.desktop@19
j  java.awt.event.InvocationEvent.dispatch()V+47 java.desktop@19
j  java.awt.EventQueue.dispatchEventImpl(Ljava/awt/AWTEvent;Ljava/lang/Object;)V+21 java.desktop@19
j  java.awt.EventQueue$4.run()Ljava/lang/Void;+32 java.desktop@19
j  java.awt.EventQueue$4.run()Ljava/lang/Object;+1 java.desktop@19
J 846 c1 java.security.AccessController.doPrivileged(Ljava/security/PrivilegedAction;Ljava/security/AccessControlContext;)Ljava/lang/Object; java.base@19 (17 bytes) @ 0x0000025361b712dc [0x0000025361b71100+0x00000000000001dc]
j  java.security.ProtectionDomain$JavaSecurityAccessImpl.doIntersectionPrivilege(Ljava/security/PrivilegedAction;Ljava/security/AccessControlContext;Ljava/security/AccessControlContext;)Ljava/lang/Object;+18 java.base@19
j  java.awt.EventQueue.dispatchEvent(Ljava/awt/AWTEvent;)V+46 java.desktop@19
j  java.awt.EventDispatchThread.pumpOneEventForFilters(I)V+81 java.desktop@19
j  java.awt.EventDispatchThread.pumpEventsForFilter(ILjava/awt/Conditional;Ljava/awt/EventFilter;)V+35 java.desktop@19
j  java.awt.EventDispatchThread.pumpEventsForHierarchy(ILjava/awt/Conditional;Ljava/awt/Component;)V+11 java.desktop@19
j  java.awt.EventDispatchThread.pumpEvents(ILjava/awt/Conditional;)V+4 java.desktop@19
j  java.awt.EventDispatchThread.pumpEvents(Ljava/awt/Conditional;)V+3 java.desktop@19
j  java.awt.EventDispatchThread.run()V+9 java.desktop@19
v  ~StubRoutines::call_stub 0x0000025368f5100e

Compiled method (c1)    1068  846       3       java.security.AccessController::doPrivileged (17 bytes)
 total in heap  [0x0000025361b70f10,0x0000025361b71648] = 1848
 relocation     [0x0000025361b71070,0x0000025361b710f8] = 136
 main code      [0x0000025361b71100,0x0000025361b71440] = 832
 stub code      [0x0000025361b71440,0x0000025361b714b8] = 120
 metadata       [0x0000025361b714b8,0x0000025361b714d0] = 24
 scopes data    [0x0000025361b714d0,0x0000025361b71580] = 176
 scopes pcs     [0x0000025361b71580,0x0000025361b71630] = 176
 dependencies   [0x0000025361b71630,0x0000025361b71638] = 8
 nul chk table  [0x0000025361b71638,0x0000025361b71648] = 16

[Constant Pool (empty)]

[MachCode]
[Verified Entry Point]
  # {method} {0x00000008000635c0} 'doPrivileged' '(Ljava/security/PrivilegedAction;Ljava/security/AccessControlContext;)Ljava/lang/Object;' in 'java/security/AccessController'
  # parm0:    rdx:rdx   = 'java/security/PrivilegedAction'
  # parm1:    r8:r8     = 'java/security/AccessControlContext'
  #           [sp+0x80]  (sp of caller)
  0x0000025361b71100: 8984 2400 | 90ff ff55 | 4883 ec70 

  0x0000025361b7110c: ;   {metadata(method data for {method} {0x00000008000635c0} 'doPrivileged' '(Ljava/security/PrivilegedAction;Ljava/security/AccessControlContext;)Ljava/lang/Object;' in 'java/security/AccessController')}
  0x0000025361b7110c: 48be 78a1 | 1379 5302 | 0000 8bbe | cc00 0000 | 83c7 0289 | becc 0000 | 0081 e7fe | 0700 0083 
  0x0000025361b7112c: ff00 0f84 | 4402 0000 | 4c89 4424 | 4048 8954 

  0x0000025361b7113c: ;   {metadata(method data for {method} {0x00000008000635c0} 'doPrivileged' '(Ljava/security/PrivilegedAction;Ljava/security/AccessControlContext;)Ljava/lang/Object;' in 'java/security/AccessController')}
  0x0000025361b7113c: 2448 48be | 78a1 1379 | 5302 0000 | 4883 8610 | 0100 0001 | 0f1f 8000 

  0x0000025361b71154: ;   {static_call}
  0x0000025361b71154: 0000 00e8 

  0x0000025361b71158: ; ImmutableOopMap {[64]=Oop [72]=Oop }
                      ;*invokestatic getCallerClass {reexecute=0 rethrow=0 return_oop=0}
                      ; - java.security.AccessController::doPrivileged@0 (line 397)
  0x0000025361b71158: 04bb 9b07 

  0x0000025361b7115c: ;   {metadata(method data for {method} {0x00000008000635c0} 'doPrivileged' '(Ljava/security/PrivilegedAction;Ljava/security/AccessControlContext;)Ljava/lang/Object;' in 'java/security/AccessController')}
  0x0000025361b7115c: 48ba 78a1 | 1379 5302 | 0000 4883 | 8220 0100 | 0001 488b | 5424 404c | 8bc0 4889 | 4424 500f 
  0x0000025361b7117c: ;   {static_call}
  0x0000025361b7117c: 1f40 00e8 

  0x0000025361b71180: ; ImmutableOopMap {[72]=Oop [80]=Oop }
                      ;*invokestatic checkContext {reexecute=0 rethrow=0 return_oop=0}
                      ; - java.security.AccessController::doPrivileged@6 (line 398)
  0x0000025361b71180: bcfa ffff | 4889 4424 

  0x0000025361b71188: ;   {metadata(method data for {method} {0x00000008000635c0} 'doPrivileged' '(Ljava/security/PrivilegedAction;Ljava/security/AccessControlContext;)Ljava/lang/Object;' in 'java/security/AccessController')}
  0x0000025361b71188: 5848 ba78 | a113 7953 | 0200 0048 | 8382 3001 

  0x0000025361b71198: ;   {metadata(method data for {method} {0x00000008000632f0} 'executePrivileged' '(Ljava/security/PrivilegedAction;Ljava/security/AccessControlContext;Ljava/lang/Class;)Ljava/lang/Object;' in 'java/security/AccessController')}
  0x0000025361b71198: 0000 0148 | ba38 2ac4 | 7853 0200 | 008b b2cc | 0000 0083 | c602 89b2 | cc00 0000 | 81e6 feff 
  0x0000025361b711b8: 1f00 83fe | 000f 84d6 | 0100 0048 

  0x0000025361b711c4: ;   {metadata(method data for {method} {0x00000008000632f0} 'executePrivileged' '(Ljava/security/PrivilegedAction;Ljava/security/AccessControlContext;Ljava/lang/Class;)Ljava/lang/Object;' in 'java/security/AccessController')}
  0x0000025361b711c4: 83f8 0048 | ba38 2ac4 | 7853 0200 | 0048 be10 | 0100 0000 | 0000 000f | 840a 0000 | 0048 be20 
  0x0000025361b711e4: 0100 0000 | 0000 0048 | 8b3c 3248 | 8d7f 0148 | 893c 320f | 841f 0000 

  0x0000025361b711fc: ;   {metadata(method data for {method} {0x00000008000632f0} 'executePrivileged' '(Ljava/security/PrivilegedAction;Ljava/security/AccessControlContext;Ljava/lang/Class;)Ljava/lang/Object;' in 'java/security/AccessController')}
  0x0000025361b711fc: 0048 ba38 | 2ac4 7853 | 0200 0048 | 8382 3001 | 0000 0148 | 8bd0 0f1f 

  0x0000025361b71214: ;   {static_call}
  0x0000025361b71214: 4400 00e8 

  0x0000025361b71218: ; ImmutableOopMap {[72]=Oop [80]=Oop [88]=Oop }
                      ;*invokestatic ensureMaterializedForStackWalk {reexecute=0 rethrow=0 return_oop=0}
                      ; - java.security.AccessController::executePrivileged@5 (line 772)
                      ; - java.security.AccessController::doPrivileged@13 (line 399)
  0x0000025361b71218: a4d2 9b07 

  0x0000025361b7121c: ;   {metadata(method data for {method} {0x00000008000632f0} 'executePrivileged' '(Ljava/security/PrivilegedAction;Ljava/security/AccessControlContext;Ljava/lang/Class;)Ljava/lang/Object;' in 'java/security/AccessController')}
  0x0000025361b7121c: 48ba 382a | c478 5302 | 0000 ff82 | 4001 0000 | 488b 5424 | 4848 3b02 

  0x0000025361b71234: ;   {metadata(method data for {method} {0x00000008000632f0} 'executePrivileged' '(Ljava/security/PrivilegedAction;Ljava/security/AccessControlContext;Ljava/lang/Class;)Ljava/lang/Object;' in 'java/security/AccessController')}
  0x0000025361b71234: 488b f248 | bf38 2ac4 | 7853 0200 | 008b 7608 | 49ba 0000 | 0000 0800 | 0000 4903 | f248 3bb7 
  0x0000025361b71254: b001 0000 | 750d 4883 | 87b8 0100 | 0001 e966 | 0000 0048 | 3bb7 c001 | 0000 750d | 4883 87c8 
  0x0000025361b71274: 0100 0001 | e950 0000 | 0048 81bf | b001 0000 | 0000 0000 | 7517 4889 | b7b0 0100 | 0048 c787 
  0x0000025361b71294: b801 0000 | 0100 0000 | e92c 0000 | 0048 81bf | c001 0000 | 0000 0000 | 7517 4889 | b7c0 0100 
  0x0000025361b712b4: 0048 c787 | c801 0000 | 0100 0000 | e908 0000 | 0048 8387 | a001 0000 | 0148 b8ff | ffff ffff 
  0x0000025361b712d4: ;   {virtual_call}
  0x0000025361b712d4: ffff ffe8 

  0x0000025361b712d8: ; ImmutableOopMap {[80]=Oop [88]=Oop }
                      ;*invokeinterface run {reexecute=0 rethrow=0 return_oop=0}
                      ; - java.security.AccessController::executePrivileged@29 (line 776)
                      ; - java.security.AccessController::doPrivileged@13 (line 399)
  0x0000025361b712d8: 04f6 4307 

  0x0000025361b712dc: ;   {metadata(method data for {method} {0x00000008000632f0} 'executePrivileged' '(Ljava/security/PrivilegedAction;Ljava/security/AccessControlContext;Ljava/lang/Class;)Ljava/lang/Object;' in 'java/security/AccessController')}
  0x0000025361b712dc: 48be 382a | c478 5302 | 0000 ff86 | d801 0000 | 488b 7424 

  0x0000025361b712f0: ;   {metadata(method data for {method} {0x00000008000632f0} 'executePrivileged' '(Ljava/security/PrivilegedAction;Ljava/security/AccessControlContext;Ljava/lang/Class;)Ljava/lang/Object;' in 'java/security/AccessController')}
  0x0000025361b712f0: 5048 bf38 | 2ac4 7853 | 0200 0048 | 8387 3802 

  0x0000025361b71300: ;   {metadata(method data for {method} {0x0000000800046208} 'reachabilityFence' '(Ljava/lang/Object;)V' in 'java/lang/ref/Reference')}
  0x0000025361b71300: 0000 0148 | bfe0 2cc4 | 7853 0200 | 008b 9fcc | 0000 0083 | c302 899f | cc00 0000 | 81e3 feff 
  0x0000025361b71320: 1f00 83fb | 000f 8494 

  0x0000025361b71328: ;   {metadata(method data for {method} {0x00000008000632f0} 'executePrivileged' '(Ljava/security/PrivilegedAction;Ljava/security/AccessControlContext;Ljava/lang/Class;)Ljava/lang/Object;' in 'java/security/AccessController')}
  0x0000025361b71328: 0000 0048 | be38 2ac4 | 7853 0200 | 0048 8386 | 4802 0000 

  0x0000025361b7133c: ;   {metadata(method data for {method} {0x0000000800046208} 'reachabilityFence' '(Ljava/lang/Object;)V' in 'java/lang/ref/Reference')}
  0x0000025361b7133c: 0148 bee0 | 2cc4 7853 | 0200 008b | becc 0000 | 0083 c702 | 89be cc00 | 0000 81e7 | feff 1f00 
  0x0000025361b7135c: 83ff 000f | 847b 0000 | 0048 83c4 

  0x0000025361b71368: ;   {poll_return}
  0x0000025361b71368: 705d 493b | a778 0300 | 000f 878a | 0000 00c3 

  0x0000025361b71378: ;   {metadata({method} {0x00000008000635c0} 'doPrivileged' '(Ljava/security/PrivilegedAction;Ljava/security/AccessControlContext;)Ljava/lang/Object;' in 'java/security/AccessController')}
  0x0000025361b71378: 49ba b835 | 0600 0800 | 0000 4c89 | 5424 0848 | c704 24ff 

  0x0000025361b7138c: ;   {runtime_call counter_overflow Runtime1 stub}
  0x0000025361b7138c: ffff ffe8 

  0x0000025361b71390: ; ImmutableOopMap {rdx=Oop r8=Oop }
                      ;*synchronization entry
                      ; - java.security.AccessController::doPrivileged@-1 (line 397)
  0x0000025361b71390: 6cf2 4e07 | e99b fdff 

  0x0000025361b71398: ;   {metadata({method} {0x00000008000632f0} 'executePrivileged' '(Ljava/security/PrivilegedAction;Ljava/security/AccessControlContext;Ljava/lang/Class;)Ljava/lang/Object;' in 'java/security/AccessController')}
  0x0000025361b71398: ff49 bae8 | 3206 0008 | 0000 004c | 8954 2408 | 48c7 0424 | ffff ffff 

  0x0000025361b713b0: ;   {runtime_call counter_overflow Runtime1 stub}
  0x0000025361b713b0: e84b f24e 

  0x0000025361b713b4: ; ImmutableOopMap {rax=Oop [72]=Oop [80]=Oop [88]=Oop }
                      ;*synchronization entry
                      ; - java.security.AccessController::executePrivileged@-1 (line 771)
                      ; - java.security.AccessController::doPrivileged@13 (line 399)
  0x0000025361b713b4: 07e9 09fe 

  0x0000025361b713b8: ;   {runtime_call throw_null_pointer_exception Runtime1 stub}
  0x0000025361b713b8: ffff e861 

  0x0000025361b713bc: ; ImmutableOopMap {rdx=Oop [80]=Oop [88]=Oop }
                      ;*invokeinterface run {reexecute=0 rethrow=0 return_oop=0}
                      ; - java.security.AccessController::executePrivileged@29 (line 776)
                      ; - java.security.AccessController::doPrivileged@13 (line 399)
                      ;   {metadata({method} {0x0000000800046208} 'reachabilityFence' '(Ljava/lang/Object;)V' in 'java/lang/ref/Reference')}
  0x0000025361b713bc: 8c4e 0749 | ba00 6204 | 0008 0000 | 004c 8954 | 2408 48c7 | 0424 ffff 

  0x0000025361b713d4: ;   {runtime_call counter_overflow Runtime1 stub}
  0x0000025361b713d4: ffff e825 

  0x0000025361b713d8: ; ImmutableOopMap {rax=Oop rsi=Oop }
                      ;*synchronization entry
                      ; - java.lang.ref.Reference::reachabilityFence@-1 (line 627)
                      ; - java.security.AccessController::executePrivileged@56 (line 781)
                      ; - java.security.AccessController::doPrivileged@13 (line 399)
  0x0000025361b713d8: f24e 07e9 | 4bff ffff 

  0x0000025361b713e0: ;   {metadata({method} {0x0000000800046208} 'reachabilityFence' '(Ljava/lang/Object;)V' in 'java/lang/ref/Reference')}
  0x0000025361b713e0: 49ba 0062 | 0400 0800 | 0000 4c89 | 5424 0848 | c704 24ff 

  0x0000025361b713f4: ;   {runtime_call counter_overflow Runtime1 stub}
  0x0000025361b713f4: ffff ffe8 

  0x0000025361b713f8: ; ImmutableOopMap {rax=Oop }
                      ;*synchronization entry
                      ; - java.lang.ref.Reference::reachabilityFence@-1 (line 627)
                      ; - java.security.AccessController::executePrivileged@60 (line 782)
                      ; - java.security.AccessController::doPrivileged@13 (line 399)
  0x0000025361b713f8: 04f2 4e07 | e964 ffff 

  0x0000025361b71400: ;   {internal_word}
  0x0000025361b71400: ff49 ba6a | 13b7 6153 | 0200 004d | 8997 9003 

  0x0000025361b71410: ;   {runtime_call SafepointBlob}
  0x0000025361b71410: 0000 e9e9 | 6944 0749 | 8b87 2004 | 0000 49c7 | 8720 0400 | 0000 0000 | 0049 c787 | 2804 0000 
  0x0000025361b71430: 0000 0000 | 4883 c470 

  0x0000025361b71438: ;   {runtime_call unwind_exception Runtime1 stub}
  0x0000025361b71438: 5de9 c29f | 4507 f4f4 
[Stub Code]
  0x0000025361b71440: ;   {no_reloc}
  0x0000025361b71440: 0f1f 4400 

  0x0000025361b71444: ;   {static_stub}
  0x0000025361b71444: 0048 bb00 | 0000 0000 

  0x0000025361b7144c: ;   {runtime_call}
  0x0000025361b7144c: 0000 00e9 | fbff ffff 

  0x0000025361b71454: ;   {static_stub}
  0x0000025361b71454: 9048 bb00 | 0000 0000 

  0x0000025361b7145c: ;   {runtime_call}
  0x0000025361b7145c: 0000 00e9 | fbff ffff 

  0x0000025361b71464: ;   {static_stub}
  0x0000025361b71464: 9048 bb00 | 0000 0000 

  0x0000025361b7146c: ;   {runtime_call}
  0x0000025361b7146c: 0000 00e9 | fbff ffff 

  0x0000025361b71474: ;   {static_stub}
  0x0000025361b71474: 9048 bb00 | 0000 0000 

  0x0000025361b7147c: ;   {runtime_call}
  0x0000025361b7147c: 0000 00e9 | fbff ffff 
[Exception Handler]
  0x0000025361b71484: ;   {runtime_call handle_exception_from_callee Runtime1 stub}
  0x0000025361b71484: e877 ac4e 

  0x0000025361b71488: ;   {external_word}
  0x0000025361b71488: 0748 b938 | 497e 53fd | 7f00 0048 

  0x0000025361b71494: ;   {runtime_call}
  0x0000025361b71494: 83e4 f049 | ba00 fe49 | 53fd 7f00 | 0041 ffd2 

  0x0000025361b714a4: ;   {section_word}
  0x0000025361b714a4: f449 baa5 | 14b7 6153 | 0200 0041 

  0x0000025361b714b0: ;   {runtime_call DeoptimizationBlob}
  0x0000025361b714b0: 52e9 ea5b | 4407 f4f4 
[/MachCode]


---------------  P R O C E S S  ---------------

Threads class SMR info:
_java_thread_list=0x000002537e0d86a0, length=17, elements={
0x0000025378977380, 0x0000025378977cb0, 0x000002537897b530, 0x000002537897c1c0,
0x000002537897f2a0, 0x0000025378982380, 0x0000025378990230, 0x00000253789934f0,
0x00000253789a3f70, 0x000002537cca5260, 0x000002537cdeeb70, 0x000002537ce2fbe0,
0x000002537ce30120, 0x000002537cea2300, 0x000002537dfd65a0, 0x000002537e0fee30,
0x00000253582fd6b0
}

Java Threads: ( => current thread )
  0x0000025378977380 JavaThread "Reference Handler" daemon [_thread_blocked, id=18940, stack(0x00000094ff000000,0x00000094ff100000)]
  0x0000025378977cb0 JavaThread "Finalizer" daemon [_thread_blocked, id=18944, stack(0x00000094ff100000,0x00000094ff200000)]
  0x000002537897b530 JavaThread "Signal Dispatcher" daemon [_thread_blocked, id=18948, stack(0x00000094ff200000,0x00000094ff300000)]
  0x000002537897c1c0 JavaThread "Attach Listener" daemon [_thread_blocked, id=18952, stack(0x00000094ff300000,0x00000094ff400000)]
  0x000002537897f2a0 JavaThread "Service Thread" daemon [_thread_blocked, id=18956, stack(0x00000094ff400000,0x00000094ff500000)]
  0x0000025378982380 JavaThread "Monitor Deflation Thread" daemon [_thread_blocked, id=18960, stack(0x00000094ff500000,0x00000094ff600000)]
  0x0000025378990230 JavaThread "C2 CompilerThread0" daemon [_thread_blocked, id=18964, stack(0x00000094ff600000,0x00000094ff700000)]
  0x00000253789934f0 JavaThread "C1 CompilerThread0" daemon [_thread_blocked, id=18968, stack(0x00000094ff700000,0x00000094ff800000)]
  0x00000253789a3f70 JavaThread "Sweeper thread" daemon [_thread_blocked, id=18972, stack(0x00000094ff800000,0x00000094ff900000)]
  0x000002537cca5260 JavaThread "Common-Cleaner" daemon [_thread_blocked, id=18976, stack(0x00000094ff900000,0x00000094ffa00000)]
  0x000002537cdeeb70 JavaThread "Notification Thread" daemon [_thread_blocked, id=18984, stack(0x00000094ffb00000,0x00000094ffc00000)]
  0x000002537ce2fbe0 JavaThread "Java2D Disposer" daemon [_thread_blocked, id=19000, stack(0x00000094ffd00000,0x00000094ffe00000)]
  0x000002537ce30120 JavaThread "AWT-Shutdown" [_thread_blocked, id=19004, stack(0x00000094ffe00000,0x00000094fff00000)]
  0x000002537cea2300 JavaThread "AWT-Windows" daemon [_thread_in_native, id=19008, stack(0x00000094fff00000,0x0000009500000000)]
  0x000002537dfd65a0 JavaThread "Image Fetcher 0" daemon [_thread_blocked, id=19056, stack(0x0000009480900000,0x0000009480a00000)]
=>0x000002537e0fee30 JavaThread "AWT-EventQueue-0" [_thread_in_vm, id=19064, stack(0x0000009480b00000,0x0000009480c00000)]
  0x00000253582fd6b0 JavaThread "DestroyJavaVM" [_thread_blocked, id=18912, stack(0x00000094fe900000,0x00000094fea00000)]

Other Threads:
  0x00000253789613a0 VMThread "VM Thread" [stack: 0x00000094fef00000,0x00000094ff000000] [id=18936]
  0x00000253582fe4a0 WatcherThread "VM Periodic Task Thread" [stack: 0x00000094ffc00000,0x00000094ffd00000] [id=18988]
  0x0000025358359380 WorkerThread "GC Thread#0" [stack: 0x00000094fea00000,0x00000094feb00000] [id=18916]
  0x0000025358368c70 ConcurrentGCThread "G1 Main Marker" [stack: 0x00000094feb00000,0x00000094fec00000] [id=18920]
  0x0000025358369750 WorkerThread "G1 Conc#0" [stack: 0x00000094fec00000,0x00000094fed00000] [id=18924]
  0x0000025378817100 ConcurrentGCThread "G1 Refine#0" [stack: 0x00000094fed00000,0x00000094fee00000] [id=18928]
  0x0000025378818900 ConcurrentGCThread "G1 Service" [stack: 0x00000094fee00000,0x00000094fef00000] [id=18932]

Threads with active compile tasks:

VM state: not at safepoint (normal execution)

VM Mutex/Monitor currently owned by a thread:  ([mutex/lock_event])
[0x00000253582f7740] Metaspace_lock - owner thread: 0x000002537e0fee30

Heap address: 0x000000008ac00000, size: 1876 MB, Compressed Oops mode: 32-bit

CDS archive(s) mapped at: [0x0000000800000000-0x0000000800c40000-0x0000000800c40000), size 12845056, SharedBaseAddress: 0x0000000800000000, ArchiveRelocationMode: 0.
Compressed class space mapped at: 0x0000000801000000-0x0000000841000000, reserved size: 1073741824
Narrow klass base: 0x0000000800000000, Narrow klass shift: 0, Narrow klass range: 0x100000000

GC Precious Log:
 CardTable entry size: 512
 Card Set container configuration: InlinePtr #cards 5 size 8 Array Of Cards #cards 12 size 40 Howl #buckets 4 coarsen threshold 1843 Howl Bitmap #cards 512 size 80 coarsen threshold 460 Card regions per heap region 1 cards per card region 2048
 CPUs: 12 total, 12 available
 Memory: 7501M
 Large Page Support: Disabled
 NUMA Support: Disabled
 Compressed Oops: Enabled (32-bit)
 Heap Region Size: 1M
 Heap Min Capacity: 8M
 Heap Initial Capacity: 118M
 Heap Max Capacity: 1876M
 Pre-touch: Disabled
 Parallel Workers: 10
 Concurrent Workers: 3
 Concurrent Refinement Workers: 10
 Periodic GC: Disabled

Heap:
 garbage-first heap   total 120832K, used 19456K [0x000000008ac00000, 0x0000000100000000)
  region size 1024K, 11 young (11264K), 0 survivors (0K)
 Metaspace       used 7028K, committed 7232K, reserved 1114112K
  class space    used 739K, committed 832K, reserved 1048576K

Heap Regions: E=young(eden), S=young(survivor), O=old, HS=humongous(starts), HC=humongous(continues), CS=collection set, F=free, OA=open archive, CA=closed archive, TAMS=top-at-mark-start (previous, next)
|   0|0x000000008ac00000, 0x000000008ad00000, 0x000000008ad00000|100%|HS|  |TAMS 0x000000008ac00000, 0x000000008ac00000| Complete 
|   1|0x000000008ad00000, 0x000000008ae00000, 0x000000008ae00000|100%|HS|  |TAMS 0x000000008ad00000, 0x000000008ad00000| Complete 
|   2|0x000000008ae00000, 0x000000008af00000, 0x000000008af00000|100%|HC|  |TAMS 0x000000008ae00000, 0x000000008ae00000| Complete 
|   3|0x000000008af00000, 0x000000008b000000, 0x000000008b000000|100%|HC|  |TAMS 0x000000008af00000, 0x000000008af00000| Complete 
|   4|0x000000008b000000, 0x000000008b100000, 0x000000008b100000|100%|HC|  |TAMS 0x000000008b000000, 0x000000008b000000| Complete 
|   5|0x000000008b100000, 0x000000008b200000, 0x000000008b200000|100%|HC|  |TAMS 0x000000008b100000, 0x000000008b100000| Complete 
|   6|0x000000008b200000, 0x000000008b300000, 0x000000008b300000|100%|HC|  |TAMS 0x000000008b200000, 0x000000008b200000| Complete 
|   7|0x000000008b300000, 0x000000008b400000, 0x000000008b400000|100%|HC|  |TAMS 0x000000008b300000, 0x000000008b300000| Complete 
|   8|0x000000008b400000, 0x000000008b500000, 0x000000008b500000|100%|HC|  |TAMS 0x000000008b400000, 0x000000008b400000| Complete 
|   9|0x000000008b500000, 0x000000008b500000, 0x000000008b600000|  0%| F|  |TAMS 0x000000008b500000, 0x000000008b500000| Untracked 
|  10|0x000000008b600000, 0x000000008b600000, 0x000000008b700000|  0%| F|  |TAMS 0x000000008b600000, 0x000000008b600000| Untracked 
|  11|0x000000008b700000, 0x000000008b700000, 0x000000008b800000|  0%| F|  |TAMS 0x000000008b700000, 0x000000008b700000| Untracked 
|  12|0x000000008b800000, 0x000000008b800000, 0x000000008b900000|  0%| F|  |TAMS 0x000000008b800000, 0x000000008b800000| Untracked 
|  13|0x000000008b900000, 0x000000008b900000, 0x000000008ba00000|  0%| F|  |TAMS 0x000000008b900000, 0x000000008b900000| Untracked 
|  14|0x000000008ba00000, 0x000000008ba00000, 0x000000008bb00000|  0%| F|  |TAMS 0x000000008ba00000, 0x000000008ba00000| Untracked 
|  15|0x000000008bb00000, 0x000000008bb00000, 0x000000008bc00000|  0%| F|  |TAMS 0x000000008bb00000, 0x000000008bb00000| Untracked 
|  16|0x000000008bc00000, 0x000000008bc00000, 0x000000008bd00000|  0%| F|  |TAMS 0x000000008bc00000, 0x000000008bc00000| Untracked 
|  17|0x000000008bd00000, 0x000000008bd00000, 0x000000008be00000|  0%| F|  |TAMS 0x000000008bd00000, 0x000000008bd00000| Untracked 
|  18|0x000000008be00000, 0x000000008be00000, 0x000000008bf00000|  0%| F|  |TAMS 0x000000008be00000, 0x000000008be00000| Untracked 
|  19|0x000000008bf00000, 0x000000008bf00000, 0x000000008c000000|  0%| F|  |TAMS 0x000000008bf00000, 0x000000008bf00000| Untracked 
|  20|0x000000008c000000, 0x000000008c000000, 0x000000008c100000|  0%| F|  |TAMS 0x000000008c000000, 0x000000008c000000| Untracked 
|  21|0x000000008c100000, 0x000000008c100000, 0x000000008c200000|  0%| F|  |TAMS 0x000000008c100000, 0x000000008c100000| Untracked 
|  22|0x000000008c200000, 0x000000008c200000, 0x000000008c300000|  0%| F|  |TAMS 0x000000008c200000, 0x000000008c200000| Untracked 
|  23|0x000000008c300000, 0x000000008c300000, 0x000000008c400000|  0%| F|  |TAMS 0x000000008c300000, 0x000000008c300000| Untracked 
|  24|0x000000008c400000, 0x000000008c400000, 0x000000008c500000|  0%| F|  |TAMS 0x000000008c400000, 0x000000008c400000| Untracked 
|  25|0x000000008c500000, 0x000000008c500000, 0x000000008c600000|  0%| F|  |TAMS 0x000000008c500000, 0x000000008c500000| Untracked 
|  26|0x000000008c600000, 0x000000008c600000, 0x000000008c700000|  0%| F|  |TAMS 0x000000008c600000, 0x000000008c600000| Untracked 
|  27|0x000000008c700000, 0x000000008c700000, 0x000000008c800000|  0%| F|  |TAMS 0x000000008c700000, 0x000000008c700000| Untracked 
|  28|0x000000008c800000, 0x000000008c800000, 0x000000008c900000|  0%| F|  |TAMS 0x000000008c800000, 0x000000008c800000| Untracked 
|  29|0x000000008c900000, 0x000000008c900000, 0x000000008ca00000|  0%| F|  |TAMS 0x000000008c900000, 0x000000008c900000| Untracked 
|  30|0x000000008ca00000, 0x000000008ca00000, 0x000000008cb00000|  0%| F|  |TAMS 0x000000008ca00000, 0x000000008ca00000| Untracked 
|  31|0x000000008cb00000, 0x000000008cb00000, 0x000000008cc00000|  0%| F|  |TAMS 0x000000008cb00000, 0x000000008cb00000| Untracked 
|  32|0x000000008cc00000, 0x000000008cc00000, 0x000000008cd00000|  0%| F|  |TAMS 0x000000008cc00000, 0x000000008cc00000| Untracked 
|  33|0x000000008cd00000, 0x000000008cd00000, 0x000000008ce00000|  0%| F|  |TAMS 0x000000008cd00000, 0x000000008cd00000| Untracked 
|  34|0x000000008ce00000, 0x000000008ce00000, 0x000000008cf00000|  0%| F|  |TAMS 0x000000008ce00000, 0x000000008ce00000| Untracked 
|  35|0x000000008cf00000, 0x000000008cf00000, 0x000000008d000000|  0%| F|  |TAMS 0x000000008cf00000, 0x000000008cf00000| Untracked 
|  36|0x000000008d000000, 0x000000008d000000, 0x000000008d100000|  0%| F|  |TAMS 0x000000008d000000, 0x000000008d000000| Untracked 
|  37|0x000000008d100000, 0x000000008d100000, 0x000000008d200000|  0%| F|  |TAMS 0x000000008d100000, 0x000000008d100000| Untracked 
|  38|0x000000008d200000, 0x000000008d200000, 0x000000008d300000|  0%| F|  |TAMS 0x000000008d200000, 0x000000008d200000| Untracked 
|  39|0x000000008d300000, 0x000000008d300000, 0x000000008d400000|  0%| F|  |TAMS 0x000000008d300000, 0x000000008d300000| Untracked 
|  40|0x000000008d400000, 0x000000008d400000, 0x000000008d500000|  0%| F|  |TAMS 0x000000008d400000, 0x000000008d400000| Untracked 
|  41|0x000000008d500000, 0x000000008d500000, 0x000000008d600000|  0%| F|  |TAMS 0x000000008d500000, 0x000000008d500000| Untracked 
|  42|0x000000008d600000, 0x000000008d600000, 0x000000008d700000|  0%| F|  |TAMS 0x000000008d600000, 0x000000008d600000| Untracked 
|  43|0x000000008d700000, 0x000000008d700000, 0x000000008d800000|  0%| F|  |TAMS 0x000000008d700000, 0x000000008d700000| Untracked 
|  44|0x000000008d800000, 0x000000008d800000, 0x000000008d900000|  0%| F|  |TAMS 0x000000008d800000, 0x000000008d800000| Untracked 
|  45|0x000000008d900000, 0x000000008d900000, 0x000000008da00000|  0%| F|  |TAMS 0x000000008d900000, 0x000000008d900000| Untracked 
|  46|0x000000008da00000, 0x000000008da00000, 0x000000008db00000|  0%| F|  |TAMS 0x000000008da00000, 0x000000008da00000| Untracked 
|  47|0x000000008db00000, 0x000000008db00000, 0x000000008dc00000|  0%| F|  |TAMS 0x000000008db00000, 0x000000008db00000| Untracked 
|  48|0x000000008dc00000, 0x000000008dc00000, 0x000000008dd00000|  0%| F|  |TAMS 0x000000008dc00000, 0x000000008dc00000| Untracked 
|  49|0x000000008dd00000, 0x000000008dd00000, 0x000000008de00000|  0%| F|  |TAMS 0x000000008dd00000, 0x000000008dd00000| Untracked 
|  50|0x000000008de00000, 0x000000008de00000, 0x000000008df00000|  0%| F|  |TAMS 0x000000008de00000, 0x000000008de00000| Untracked 
|  51|0x000000008df00000, 0x000000008df00000, 0x000000008e000000|  0%| F|  |TAMS 0x000000008df00000, 0x000000008df00000| Untracked 
|  52|0x000000008e000000, 0x000000008e000000, 0x000000008e100000|  0%| F|  |TAMS 0x000000008e000000, 0x000000008e000000| Untracked 
|  53|0x000000008e100000, 0x000000008e100000, 0x000000008e200000|  0%| F|  |TAMS 0x000000008e100000, 0x000000008e100000| Untracked 
|  54|0x000000008e200000, 0x000000008e200000, 0x000000008e300000|  0%| F|  |TAMS 0x000000008e200000, 0x000000008e200000| Untracked 
|  55|0x000000008e300000, 0x000000008e300000, 0x000000008e400000|  0%| F|  |TAMS 0x000000008e300000, 0x000000008e300000| Untracked 
|  56|0x000000008e400000, 0x000000008e400000, 0x000000008e500000|  0%| F|  |TAMS 0x000000008e400000, 0x000000008e400000| Untracked 
|  57|0x000000008e500000, 0x000000008e500000, 0x000000008e600000|  0%| F|  |TAMS 0x000000008e500000, 0x000000008e500000| Untracked 
|  58|0x000000008e600000, 0x000000008e600000, 0x000000008e700000|  0%| F|  |TAMS 0x000000008e600000, 0x000000008e600000| Untracked 
|  59|0x000000008e700000, 0x000000008e700000, 0x000000008e800000|  0%| F|  |TAMS 0x000000008e700000, 0x000000008e700000| Untracked 
|  60|0x000000008e800000, 0x000000008e800000, 0x000000008e900000|  0%| F|  |TAMS 0x000000008e800000, 0x000000008e800000| Untracked 
|  61|0x000000008e900000, 0x000000008e900000, 0x000000008ea00000|  0%| F|  |TAMS 0x000000008e900000, 0x000000008e900000| Untracked 
|  62|0x000000008ea00000, 0x000000008ea00000, 0x000000008eb00000|  0%| F|  |TAMS 0x000000008ea00000, 0x000000008ea00000| Untracked 
|  63|0x000000008eb00000, 0x000000008eb00000, 0x000000008ec00000|  0%| F|  |TAMS 0x000000008eb00000, 0x000000008eb00000| Untracked 
|  64|0x000000008ec00000, 0x000000008ec00000, 0x000000008ed00000|  0%| F|  |TAMS 0x000000008ec00000, 0x000000008ec00000| Untracked 
|  65|0x000000008ed00000, 0x000000008ed00000, 0x000000008ee00000|  0%| F|  |TAMS 0x000000008ed00000, 0x000000008ed00000| Untracked 
|  66|0x000000008ee00000, 0x000000008ee00000, 0x000000008ef00000|  0%| F|  |TAMS 0x000000008ee00000, 0x000000008ee00000| Untracked 
|  67|0x000000008ef00000, 0x000000008ef00000, 0x000000008f000000|  0%| F|  |TAMS 0x000000008ef00000, 0x000000008ef00000| Untracked 
|  68|0x000000008f000000, 0x000000008f000000, 0x000000008f100000|  0%| F|  |TAMS 0x000000008f000000, 0x000000008f000000| Untracked 
|  69|0x000000008f100000, 0x000000008f100000, 0x000000008f200000|  0%| F|  |TAMS 0x000000008f100000, 0x000000008f100000| Untracked 
|  70|0x000000008f200000, 0x000000008f200000, 0x000000008f300000|  0%| F|  |TAMS 0x000000008f200000, 0x000000008f200000| Untracked 
|  71|0x000000008f300000, 0x000000008f300000, 0x000000008f400000|  0%| F|  |TAMS 0x000000008f300000, 0x000000008f300000| Untracked 
|  72|0x000000008f400000, 0x000000008f400000, 0x000000008f500000|  0%| F|  |TAMS 0x000000008f400000, 0x000000008f400000| Untracked 
|  73|0x000000008f500000, 0x000000008f500000, 0x000000008f600000|  0%| F|  |TAMS 0x000000008f500000, 0x000000008f500000| Untracked 
|  74|0x000000008f600000, 0x000000008f600000, 0x000000008f700000|  0%| F|  |TAMS 0x000000008f600000, 0x000000008f600000| Untracked 
|  75|0x000000008f700000, 0x000000008f700000, 0x000000008f800000|  0%| F|  |TAMS 0x000000008f700000, 0x000000008f700000| Untracked 
|  76|0x000000008f800000, 0x000000008f800000, 0x000000008f900000|  0%| F|  |TAMS 0x000000008f800000, 0x000000008f800000| Untracked 
|  77|0x000000008f900000, 0x000000008f900000, 0x000000008fa00000|  0%| F|  |TAMS 0x000000008f900000, 0x000000008f900000| Untracked 
|  78|0x000000008fa00000, 0x000000008fa00000, 0x000000008fb00000|  0%| F|  |TAMS 0x000000008fa00000, 0x000000008fa00000| Untracked 
|  79|0x000000008fb00000, 0x000000008fb00000, 0x000000008fc00000|  0%| F|  |TAMS 0x000000008fb00000, 0x000000008fb00000| Untracked 
|  80|0x000000008fc00000, 0x000000008fc00000, 0x000000008fd00000|  0%| F|  |TAMS 0x000000008fc00000, 0x000000008fc00000| Untracked 
|  81|0x000000008fd00000, 0x000000008fd00000, 0x000000008fe00000|  0%| F|  |TAMS 0x000000008fd00000, 0x000000008fd00000| Untracked 
|  82|0x000000008fe00000, 0x000000008fe00000, 0x000000008ff00000|  0%| F|  |TAMS 0x000000008fe00000, 0x000000008fe00000| Untracked 
|  83|0x000000008ff00000, 0x000000008ff00000, 0x0000000090000000|  0%| F|  |TAMS 0x000000008ff00000, 0x000000008ff00000| Untracked 
|  84|0x0000000090000000, 0x0000000090000000, 0x0000000090100000|  0%| F|  |TAMS 0x0000000090000000, 0x0000000090000000| Untracked 
|  85|0x0000000090100000, 0x0000000090100000, 0x0000000090200000|  0%| F|  |TAMS 0x0000000090100000, 0x0000000090100000| Untracked 
|  86|0x0000000090200000, 0x0000000090200000, 0x0000000090300000|  0%| F|  |TAMS 0x0000000090200000, 0x0000000090200000| Untracked 
|  87|0x0000000090300000, 0x0000000090300000, 0x0000000090400000|  0%| F|  |TAMS 0x0000000090300000, 0x0000000090300000| Untracked 
|  88|0x0000000090400000, 0x0000000090400000, 0x0000000090500000|  0%| F|  |TAMS 0x0000000090400000, 0x0000000090400000| Untracked 
|  89|0x0000000090500000, 0x0000000090500000, 0x0000000090600000|  0%| F|  |TAMS 0x0000000090500000, 0x0000000090500000| Untracked 
|  90|0x0000000090600000, 0x0000000090600000, 0x0000000090700000|  0%| F|  |TAMS 0x0000000090600000, 0x0000000090600000| Untracked 
|  91|0x0000000090700000, 0x0000000090700000, 0x0000000090800000|  0%| F|  |TAMS 0x0000000090700000, 0x0000000090700000| Untracked 
|  92|0x0000000090800000, 0x0000000090800000, 0x0000000090900000|  0%| F|  |TAMS 0x0000000090800000, 0x0000000090800000| Untracked 
|  93|0x0000000090900000, 0x0000000090900000, 0x0000000090a00000|  0%| F|  |TAMS 0x0000000090900000, 0x0000000090900000| Untracked 
|  94|0x0000000090a00000, 0x0000000090a00000, 0x0000000090b00000|  0%| F|  |TAMS 0x0000000090a00000, 0x0000000090a00000| Untracked 
|  95|0x0000000090b00000, 0x0000000090b00000, 0x0000000090c00000|  0%| F|  |TAMS 0x0000000090b00000, 0x0000000090b00000| Untracked 
|  96|0x0000000090c00000, 0x0000000090c00000, 0x0000000090d00000|  0%| F|  |TAMS 0x0000000090c00000, 0x0000000090c00000| Untracked 
|  97|0x0000000090d00000, 0x0000000090d00000, 0x0000000090e00000|  0%| F|  |TAMS 0x0000000090d00000, 0x0000000090d00000| Untracked 
|  98|0x0000000090e00000, 0x0000000090e00000, 0x0000000090f00000|  0%| F|  |TAMS 0x0000000090e00000, 0x0000000090e00000| Untracked 
|  99|0x0000000090f00000, 0x0000000090f00000, 0x0000000091000000|  0%| F|  |TAMS 0x0000000090f00000, 0x0000000090f00000| Untracked 
| 100|0x0000000091000000, 0x0000000091000000, 0x0000000091100000|  0%| F|  |TAMS 0x0000000091000000, 0x0000000091000000| Untracked 
| 101|0x0000000091100000, 0x0000000091100000, 0x0000000091200000|  0%| F|  |TAMS 0x0000000091100000, 0x0000000091100000| Untracked 
| 102|0x0000000091200000, 0x0000000091200000, 0x0000000091300000|  0%| F|  |TAMS 0x0000000091200000, 0x0000000091200000| Untracked 
| 103|0x0000000091300000, 0x0000000091300000, 0x0000000091400000|  0%| F|  |TAMS 0x0000000091300000, 0x0000000091300000| Untracked 
| 104|0x0000000091400000, 0x0000000091400000, 0x0000000091500000|  0%| F|  |TAMS 0x0000000091400000, 0x0000000091400000| Untracked 
| 105|0x0000000091500000, 0x0000000091500000, 0x0000000091600000|  0%| F|  |TAMS 0x0000000091500000, 0x0000000091500000| Untracked 
| 106|0x0000000091600000, 0x0000000091600000, 0x0000000091700000|  0%| F|  |TAMS 0x0000000091600000, 0x0000000091600000| Untracked 
| 107|0x0000000091700000, 0x0000000091800000, 0x0000000091800000|100%| E|  |TAMS 0x0000000091700000, 0x0000000091700000| Complete 
| 108|0x0000000091800000, 0x0000000091900000, 0x0000000091900000|100%| E|CS|TAMS 0x0000000091800000, 0x0000000091800000| Complete 
| 109|0x0000000091900000, 0x0000000091a00000, 0x0000000091a00000|100%| E|CS|TAMS 0x0000000091900000, 0x0000000091900000| Complete 
| 110|0x0000000091a00000, 0x0000000091b00000, 0x0000000091b00000|100%| E|CS|TAMS 0x0000000091a00000, 0x0000000091a00000| Complete 
| 111|0x0000000091b00000, 0x0000000091c00000, 0x0000000091c00000|100%| E|CS|TAMS 0x0000000091b00000, 0x0000000091b00000| Complete 
| 112|0x0000000091c00000, 0x0000000091d00000, 0x0000000091d00000|100%| E|CS|TAMS 0x0000000091c00000, 0x0000000091c00000| Complete 
| 113|0x0000000091d00000, 0x0000000091e00000, 0x0000000091e00000|100%| E|CS|TAMS 0x0000000091d00000, 0x0000000091d00000| Complete 
| 114|0x0000000091e00000, 0x0000000091f00000, 0x0000000091f00000|100%| E|CS|TAMS 0x0000000091e00000, 0x0000000091e00000| Complete 
| 115|0x0000000091f00000, 0x0000000092000000, 0x0000000092000000|100%| E|CS|TAMS 0x0000000091f00000, 0x0000000091f00000| Complete 
| 116|0x0000000092000000, 0x0000000092100000, 0x0000000092100000|100%| E|CS|TAMS 0x0000000092000000, 0x0000000092000000| Complete 
| 117|0x0000000092100000, 0x0000000092200000, 0x0000000092200000|100%| E|CS|TAMS 0x0000000092100000, 0x0000000092100000| Complete 

Card table byte_map: [0x0000025371a90000,0x0000025371e40000] _byte_map_base: 0x000002537163a000

Marking Bits (Prev, Next): (CMBitMap*) 0x00000253583598c0, (CMBitMap*) 0x0000025358359900
 Prev Bits: [0x00000253721f0000, 0x0000025373f40000)
 Next Bits: [0x0000025373f40000, 0x0000025375c90000)

Polling page: 0x00000253583c0000

Metaspace:

Usage:
  Non-class:      6.14 MB used.
      Class:    739.79 KB used.
       Both:      6.86 MB used.

Virtual space:
  Non-class space:       64.00 MB reserved,       6.25 MB ( 10%) committed,  1 nodes.
      Class space:        1.00 GB reserved,     832.00 KB ( <1%) committed,  1 nodes.
             Both:        1.06 GB reserved,       7.06 MB ( <1%) committed. 

Chunk freelists:
   Non-Class:  1.00 MB
       Class:  3.11 MB
        Both:  4.11 MB

MaxMetaspaceSize: unlimited
CompressedClassSpaceSize: 1.00 GB
Initial GC threshold: 21.00 MB
Current GC threshold: 21.00 MB
CDS: on
MetaspaceReclaimPolicy: balanced
 - commit_granule_bytes: 65536.
 - commit_granule_words: 8192.
 - virtual_space_node_default_size: 8388608.
 - enlarge_chunks_in_place: 1.
 - new_chunks_are_fully_committed: 0.
 - uncommit_free_chunks: 1.
 - use_allocation_guard: 0.


Internal statistics:

num_allocs_failed_limit: 0.
num_arena_births: 160.
num_arena_deaths: 0.
num_vsnodes_births: 2.
num_vsnodes_deaths: 0.
num_space_committed: 113.
num_space_uncommitted: 0.
num_chunks_returned_to_freelist: 0.
num_chunks_taken_from_freelist: 176.
num_chunk_merges: 0.
num_chunk_splits: 120.
num_chunks_enlarged: 77.
num_inconsistent_stats: 0.

CodeHeap 'non-profiled nmethods': size=120000Kb used=312Kb max_used=312Kb free=119687Kb
 bounds [0x00000253694f0000, 0x0000025369760000, 0x0000025370a20000]
CodeHeap 'profiled nmethods': size=120000Kb used=1660Kb max_used=1660Kb free=118339Kb
 bounds [0x0000025361a20000, 0x0000025361c90000, 0x0000025368f50000]
CodeHeap 'non-nmethods': size=5760Kb used=1364Kb max_used=1377Kb free=4395Kb
 bounds [0x0000025368f50000, 0x00000253691c0000, 0x00000253694f0000]
 total_blobs=1648 nmethods=1038 adapters=521
 compilation: enabled
              stopped_count=0, restarted_count=0
 full_count=0

Compilation events (20 events):
Event: 1.034 Thread 0x00000253789934f0 1025       3       java.lang.Short::reverseBytes (14 bytes)
Event: 1.034 Thread 0x00000253789934f0 nmethod 1025 0x0000025361bba710 code [0x0000025361bba8a0, 0x0000025361bba998]
Event: 1.034 Thread 0x00000253789934f0 1026       3       java.nio.ByteBufferAsShortBufferB::get (30 bytes)
Event: 1.034 Thread 0x00000253789934f0 nmethod 1026 0x0000025361bbaa10 code [0x0000025361bbac60, 0x0000025361bbb508]
Event: 1.034 Thread 0x00000253789934f0 1027       3       java.nio.ByteBufferAsShortBufferB::byteOffset (9 bytes)
Event: 1.034 Thread 0x00000253789934f0 nmethod 1027 0x0000025361bbb910 code [0x0000025361bbbaa0, 0x0000025361bbbbb8]
Event: 1.034 Thread 0x00000253789934f0 1028       1       java.nio.Buffer::position (5 bytes)
Event: 1.035 Thread 0x00000253789934f0 nmethod 1028 0x000002536953d990 code [0x000002536953db20, 0x000002536953dbd8]
Event: 1.035 Thread 0x00000253789934f0 1029   !   3       jdk.internal.misc.ScopedMemoryAccess::getCharUnaligned (18 bytes)
Event: 1.035 Thread 0x00000253789934f0 nmethod 1029 0x0000025361bbbc90 code [0x0000025361bbbe80, 0x0000025361bbc328]
Event: 1.035 Thread 0x00000253789934f0 1036       3       java.nio.ByteBufferAsCharBufferB::get (30 bytes)
Event: 1.036 Thread 0x00000253789934f0 nmethod 1036 0x0000025361bbc590 code [0x0000025361bbc7e0, 0x0000025361bbd088]
Event: 1.036 Thread 0x00000253789934f0 1030   !   3       jdk.internal.misc.ScopedMemoryAccess::getCharUnalignedInternal (36 bytes)
Event: 1.036 Thread 0x00000253789934f0 nmethod 1030 0x0000025361bbd490 code [0x0000025361bbd660, 0x0000025361bbd958]
Event: 1.036 Thread 0x00000253789934f0 1031       3       jdk.internal.misc.Unsafe::getCharUnaligned (12 bytes)
Event: 1.036 Thread 0x0000025378990230 1038       4       java.nio.Buffer::session (20 bytes)
Event: 1.036 Thread 0x00000253789934f0 nmethod 1031 0x0000025361bbdb10 code [0x0000025361bbdcc0, 0x0000025361bbdef8]
Event: 1.036 Thread 0x00000253789934f0 1034       3       jdk.internal.misc.Unsafe::convEndian (16 bytes)
Event: 1.036 Thread 0x00000253789934f0 nmethod 1034 0x0000025361bbe010 code [0x0000025361bbe1c0, 0x0000025361bbe378]
Event: 1.036 Thread 0x00000253789934f0 1032       3       jdk.internal.misc.Unsafe::getCharUnaligned (34 bytes)

GC Heap History (0 events):
No events

Dll operation events (9 events):
Event: 0.014 Loaded shared library C:\Program Files\Java\jdk-19\bin\java.dll
Event: 0.029 Loaded shared library C:\Program Files\Java\jdk-19\bin\jsvml.dll
Event: 0.114 Loaded shared library C:\Program Files\Java\jdk-19\bin\net.dll
Event: 0.117 Loaded shared library C:\Program Files\Java\jdk-19\bin\nio.dll
Event: 0.125 Loaded shared library C:\Program Files\Java\jdk-19\bin\zip.dll
Event: 0.230 Loaded shared library C:\Program Files\Java\jdk-19\bin\jimage.dll
Event: 0.260 Loaded shared library C:\Program Files\Java\jdk-19\bin\awt.dll
Event: 0.853 Loaded shared library C:\Program Files\Java\jdk-19\bin\freetype.dll
Event: 0.854 Loaded shared library C:\Program Files\Java\jdk-19\bin\fontmanager.dll

Deoptimization events (20 events):
Event: 0.779 Thread 0x000002537dfd65a0 DEOPT PACKING pc=0x0000025361b631b4 sp=0x00000094809fecf0
Event: 0.779 Thread 0x000002537dfd65a0 DEOPT UNPACKING pc=0x0000025368fb7543 sp=0x00000094809fe190 mode 0
Event: 0.780 Thread 0x000002537dfd65a0 DEOPT PACKING pc=0x0000025361b631b4 sp=0x00000094809fecf0
Event: 0.780 Thread 0x000002537dfd65a0 DEOPT UNPACKING pc=0x0000025368fb7543 sp=0x00000094809fe190 mode 0
Event: 0.793 Thread 0x000002537dfd65a0 Uncommon trap: trap_request=0xffffff45 fr.pc=0x0000025369531260 relative=0x0000000000000f60
Event: 0.793 Thread 0x000002537dfd65a0 Uncommon trap: reason=unstable_if action=reinterpret pc=0x0000025369531260 method=sun.awt.image.PNGImageDecoder.produceImage()V @ 867 c2
Event: 0.793 Thread 0x000002537dfd65a0 DEOPT PACKING pc=0x0000025369531260 sp=0x00000094809fee10
Event: 0.793 Thread 0x000002537dfd65a0 DEOPT UNPACKING pc=0x0000025368fb6da3 sp=0x00000094809fed60 mode 2
Event: 0.826 Thread 0x000002537cea2300 Uncommon trap: trap_request=0xffffff45 fr.pc=0x000002536952e258 relative=0x0000000000000138
Event: 0.826 Thread 0x000002537cea2300 Uncommon trap: reason=unstable_if action=reinterpret pc=0x000002536952e258 method=java.util.concurrent.locks.ReentrantLock$NonfairSync.initialTryLock()Z @ 10 c2
Event: 0.826 Thread 0x000002537cea2300 DEOPT PACKING pc=0x000002536952e258 sp=0x00000094ffffe020
Event: 0.826 Thread 0x000002537cea2300 DEOPT UNPACKING pc=0x0000025368fb6da3 sp=0x00000094ffffdfc8 mode 2
Event: 0.826 Thread 0x000002537cea2300 Uncommon trap: trap_request=0xffffff45 fr.pc=0x000002536952e95c relative=0x00000000000000bc
Event: 0.826 Thread 0x000002537cea2300 Uncommon trap: reason=unstable_if action=reinterpret pc=0x000002536952e95c method=java.util.concurrent.locks.ReentrantLock$Sync.tryRelease(I)Z @ 26 c2
Event: 0.826 Thread 0x000002537cea2300 DEOPT PACKING pc=0x000002536952e95c sp=0x00000094ffffe020
Event: 0.826 Thread 0x000002537cea2300 DEOPT UNPACKING pc=0x0000025368fb6da3 sp=0x00000094ffffdfc0 mode 2
Event: 0.867 Thread 0x00000253582fd6b0 Uncommon trap: trap_request=0xffffff45 fr.pc=0x0000025369527f30 relative=0x0000000000000210
Event: 0.867 Thread 0x00000253582fd6b0 Uncommon trap: reason=unstable_if action=reinterpret pc=0x0000025369527f30 method=java.lang.StringUTF16.compress([CI[BII)I @ 20 c2
Event: 0.867 Thread 0x00000253582fd6b0 DEOPT PACKING pc=0x0000025369527f30 sp=0x00000094fe9fdeb0
Event: 0.867 Thread 0x00000253582fd6b0 DEOPT UNPACKING pc=0x0000025368fb6da3 sp=0x00000094fe9fde30 mode 2

Classes loaded (20 events):
Event: 1.033 Loading class sun/font/FreetypeFontScaler
Event: 1.033 Loading class sun/font/FreetypeFontScaler done
Event: 1.034 Loading class sun/font/TrueTypeGlyphMapper
Event: 1.034 Loading class sun/font/TrueTypeGlyphMapper done
Event: 1.034 Loading class sun/font/CMap
Event: 1.034 Loading class sun/font/CMap done
Event: 1.034 Loading class sun/font/CMap$NullCMapClass
Event: 1.034 Loading class sun/font/CMap$NullCMapClass done
Event: 1.034 Loading class sun/font/CMap$CMapFormat4
Event: 1.034 Loading class sun/font/CMap$CMapFormat4 done
Event: 1.035 Loading class java/nio/ByteBufferAsCharBufferB
Event: 1.035 Loading class java/nio/ByteBufferAsCharBufferB done
Event: 1.036 Loading class jdk/internal/foreign/MemorySessionImpl
Event: 1.036 Loading class java/lang/foreign/MemorySession
Event: 1.036 Loading class java/lang/foreign/SegmentAllocator
Event: 1.036 Loading class java/lang/foreign/SegmentAllocator done
Event: 1.036 Loading class java/lang/foreign/MemorySession done
Event: 1.036 Loading class jdk/internal/foreign/MemorySessionImpl done
Event: 1.037 Loading class sun/font/FontStrikeDisposer
Event: 1.037 Loading class sun/java2d/Disposer$PollDisposable

Classes unloaded (0 events):
No events

Classes redefined (0 events):
No events

Internal exceptions (18 events):
Event: 0.173 Thread 0x00000253582fd6b0 Exception <a 'java/lang/NoSuchMethodError'{0x0000000091fddce0}: 'void java.lang.invoke.DirectMethodHandle$Holder.invokeSpecial(java.lang.Object, java.lang.Object, java.lang.Object)'> (0x0000000091fddce0) 
thrown [s\open\src\hotspot\share\interpreter\linkResolver.cpp, line 774]
Event: 0.182 Thread 0x00000253582fd6b0 Exception <a 'java/lang/NoSuchMethodError'{0x0000000091ff14c0}: 'void java.lang.invoke.DirectMethodHandle$Holder.invokeSpecial(java.lang.Object, java.lang.Object, java.lang.Object, java.lang.Object, java.lang.Object)'> (0x0000000091ff14c0) 
thrown [s\open\src\hotspot\share\interpreter\linkResolver.cpp, line 774]
Event: 0.187 Thread 0x00000253582fd6b0 Exception <a 'java/lang/NoSuchMethodError'{0x0000000091e01248}: 'java.lang.Object java.lang.invoke.DirectMethodHandle$Holder.invokeInterface(java.lang.Object, java.lang.Object)'> (0x0000000091e01248) 
thrown [s\open\src\hotspot\share\interpreter\linkResolver.cpp, line 774]
Event: 0.188 Thread 0x00000253582fd6b0 Exception <a 'java/lang/IncompatibleClassChangeError'{0x0000000091e04798}: Found class java.lang.Object, but interface was expected> (0x0000000091e04798) 
thrown [s\open\src\hotspot\share\interpreter\linkResolver.cpp, line 841]
Event: 0.189 Thread 0x00000253582fd6b0 Exception <a 'java/lang/NoSuchMethodError'{0x0000000091e075f0}: 'void java.lang.invoke.DirectMethodHandle$Holder.invokeStatic(java.lang.Object, java.lang.Object, java.lang.Object, java.lang.Object)'> (0x0000000091e075f0) 
thrown [s\open\src\hotspot\share\interpreter\linkResolver.cpp, line 774]
Event: 0.243 Thread 0x00000253582fd6b0 Exception <a 'java/lang/ClassNotFoundException'{0x0000000091ecbb68}: sun/awt/resources/spi/awtProvider> (0x0000000091ecbb68) 
thrown [s\open\src\hotspot\share\classfile\systemDictionary.cpp, line 255]
Event: 0.282 Thread 0x00000253582fd6b0 Exception <a 'java/io/FileNotFoundException'{0x0000000091d21ca0}> (0x0000000091d21ca0) 
thrown [s\open\src\hotspot\share\prims\jni.cpp, line 517]
Event: 0.294 Thread 0x00000253582fd6b0 Exception <a 'java/io/FileNotFoundException'{0x0000000091d4e328}> (0x0000000091d4e328) 
thrown [s\open\src\hotspot\share\prims\jni.cpp, line 517]
Event: 0.357 Thread 0x00000253582fd6b0 Exception <a 'java/lang/NoSuchMethodError'{0x0000000091d91ea0}: 'java.lang.Object java.lang.invoke.DirectMethodHandle$Holder.invokeStaticInit(java.lang.Object)'> (0x0000000091d91ea0) 
thrown [s\open\src\hotspot\share\interpreter\linkResolver.cpp, line 774]
Event: 0.540 Thread 0x00000253582fd6b0 Exception <a 'java/lang/NoSuchMethodError'{0x0000000091c97928}: 'java.lang.Object java.lang.invoke.DirectMethodHandle$Holder.newInvokeSpecial(java.lang.Object, java.lang.Object, java.lang.Object, java.lang.Object, java.lang.Object)'> (0x0000000091c97928) 
thrown [s\open\src\hotspot\share\interpreter\linkResolver.cpp, line 774]
Event: 0.551 Thread 0x00000253582fd6b0 Exception <a 'java/lang/NoSuchMethodError'{0x0000000091cc9010}: 'java.lang.Object java.lang.invoke.DirectMethodHandle$Holder.invokeStatic(java.lang.Object, int, java.lang.Object)'> (0x0000000091cc9010) 
thrown [s\open\src\hotspot\share\interpreter\linkResolver.cpp, line 774]
Event: 0.594 Thread 0x00000253582fd6b0 Exception <a 'java/lang/ClassNotFoundException'{0x0000000091b84cb0}: com/sun/swing/internal/plaf/metal/resources/spi/metalProvider> (0x0000000091b84cb0) 
thrown [s\open\src\hotspot\share\classfile\systemDictionary.cpp, line 255]
Event: 0.596 Thread 0x00000253582fd6b0 Exception <a 'java/lang/ClassNotFoundException'{0x0000000091b88c80}: com/sun/swing/internal/plaf/basic/resources/spi/basicProvider> (0x0000000091b88c80) 
thrown [s\open\src\hotspot\share\classfile\systemDictionary.cpp, line 255]
Event: 0.606 Thread 0x00000253582fd6b0 Implicit null exception at 0x000002536951b258 to 0x000002536951b2ee
Event: 0.612 Thread 0x00000253582fd6b0 Exception <a 'java/lang/NoSuchMethodError'{0x0000000091ba8940}: 'int java.lang.invoke.Invokers$Holder.invokeExact_MT(java.lang.Object, java.lang.Object)'> (0x0000000091ba8940) 
thrown [s\open\src\hotspot\share\interpreter\linkResolver.cpp, line 774]
Event: 0.708 Thread 0x000002537dfd65a0 Exception <a 'java/lang/NoSuchMethodError'{0x0000000091995bb8}: 'java.lang.Object java.lang.invoke.DirectMethodHandle$Holder.newInvokeSpecial(java.lang.Object, java.lang.Object, java.lang.Object, int, int, int, int, int)'> (0x0000000091995bb8) 
thrown [s\open\src\hotspot\share\interpreter\linkResolver.cpp, line 774]
Event: 0.822 Thread 0x000002537cea2300 Exception <a 'java/lang/NoSuchMethodError'{0x0000000091c0f890}: 'void java.lang.invoke.DirectMethodHandle$Holder.invokeVirtual(java.lang.Object, java.lang.Object)'> (0x0000000091c0f890) 
thrown [s\open\src\hotspot\share\interpreter\linkResolver.cpp, line 774]
Event: 0.846 Thread 0x00000253582fd6b0 Exception <a 'java/lang/NoSuchMethodError'{0x0000000091be49a0}: 'void java.lang.invoke.DirectMethodHandle$Holder.invokeStaticInit(java.lang.Object)'> (0x0000000091be49a0) 
thrown [s\open\src\hotspot\share\interpreter\linkResolver.cpp, line 774]

VM Operations (14 events):
Event: 0.127 Executing VM operation: HandshakeAllThreads
Event: 0.127 Executing VM operation: HandshakeAllThreads done
Event: 0.184 Executing VM operation: HandshakeAllThreads
Event: 0.184 Executing VM operation: HandshakeAllThreads done
Event: 0.305 Executing VM operation: HandshakeAllThreads
Event: 0.305 Executing VM operation: HandshakeAllThreads done
Event: 0.658 Executing VM operation: HandshakeAllThreads
Event: 0.658 Executing VM operation: HandshakeAllThreads done
Event: 0.700 Executing VM operation: HandshakeAllThreads
Event: 0.700 Executing VM operation: HandshakeAllThreads done
Event: 0.754 Executing VM operation: HandshakeAllThreads
Event: 0.754 Executing VM operation: HandshakeAllThreads done
Event: 0.799 Executing VM operation: HandshakeAllThreads
Event: 0.799 Executing VM operation: HandshakeAllThreads done

Events (20 events):
Event: 0.051 Thread 0x000002537897b530 Thread added: 0x000002537897b530
Event: 0.051 Thread 0x000002537897c1c0 Thread added: 0x000002537897c1c0
Event: 0.052 Thread 0x000002537897f2a0 Thread added: 0x000002537897f2a0
Event: 0.052 Thread 0x0000025378982380 Thread added: 0x0000025378982380
Event: 0.052 Thread 0x0000025378990230 Thread added: 0x0000025378990230
Event: 0.052 Thread 0x00000253789934f0 Thread added: 0x00000253789934f0
Event: 0.052 Thread 0x00000253789a3f70 Thread added: 0x00000253789a3f70
Event: 0.095 Thread 0x000002537cca5260 Thread added: 0x000002537cca5260
Event: 0.197 Thread 0x0000025378992f60 Thread added: 0x0000025378992f60
Event: 0.207 Thread 0x000002537cdeeb70 Thread added: 0x000002537cdeeb70
Event: 0.359 Thread 0x000002537ce2fbe0 Thread added: 0x000002537ce2fbe0
Event: 0.360 Thread 0x000002537ce30120 Thread added: 0x000002537ce30120
Event: 0.364 Thread 0x000002537cea2300 Thread added: 0x000002537cea2300
Event: 0.384 Thread 0x0000025378992f60 Thread exited: 0x0000025378992f60
Event: 0.621 Thread 0x000002537dfd65a0 Thread added: 0x000002537dfd65a0
Event: 0.664 Thread 0x0000025378991eb0 Thread added: 0x0000025378991eb0
Event: 0.826 Thread 0x000002537e0fee30 Thread added: 0x000002537e0fee30
Event: 0.953 Thread 0x00000253582fd6b0 Thread exited: 0x00000253582fd6b0
Event: 0.953 Thread 0x00000253582fd6b0 Thread added: 0x00000253582fd6b0
Event: 1.015 Thread 0x0000025378991eb0 Thread exited: 0x0000025378991eb0


Dynamic libraries:
0x00007ff6a8ff0000 - 0x00007ff6a9000000 	C:\Program Files\Java\jdk-19\bin\javaw.exe
0x00007ffddf910000 - 0x00007ffddfb27000 	C:\WINDOWS\SYSTEM32\ntdll.dll
0x00007ffdddd00000 - 0x00007ffddddc4000 	C:\WINDOWS\System32\KERNEL32.DLL
0x00007ffddce10000 - 0x00007ffddd1bd000 	C:\WINDOWS\System32\KERNELBASE.dll
0x00007ffddd1c0000 - 0x00007ffddd2d1000 	C:\WINDOWS\System32\ucrtbase.dll
0x00007ffd53c00000 - 0x00007ffd53c18000 	C:\Program Files\Java\jdk-19\bin\jli.dll
0x00007ffd53be0000 - 0x00007ffd53bfb000 	C:\Program Files\Java\jdk-19\bin\VCRUNTIME140.dll
0x00007ffddde90000 - 0x00007ffdddf42000 	C:\WINDOWS\System32\ADVAPI32.dll
0x00007ffdddf90000 - 0x00007ffdde037000 	C:\WINDOWS\System32\msvcrt.dll
0x00007ffddf820000 - 0x00007ffddf8c9000 	C:\WINDOWS\System32\sechost.dll
0x00007ffddd2e0000 - 0x00007ffddd308000 	C:\WINDOWS\System32\bcrypt.dll
0x00007ffddee50000 - 0x00007ffddef64000 	C:\WINDOWS\System32\RPCRT4.dll
0x00007ffddf310000 - 0x00007ffddf4be000 	C:\WINDOWS\System32\USER32.dll
0x00007ffdc5320000 - 0x00007ffdc55b3000 	C:\WINDOWS\WinSxS\amd64_microsoft.windows.common-controls_6595b64144ccf1df_6.0.22621.3672_none_2713b9d173822955\COMCTL32.dll
0x00007ffddcd20000 - 0x00007ffddcd46000 	C:\WINDOWS\System32\win32u.dll
0x00007ffdde040000 - 0x00007ffdde069000 	C:\WINDOWS\System32\GDI32.dll
0x00007ffddd480000 - 0x00007ffddd599000 	C:\WINDOWS\System32\gdi32full.dll
0x00007ffddd5a0000 - 0x00007ffddd63a000 	C:\WINDOWS\System32\msvcp_win.dll
0x00007ffdd3460000 - 0x00007ffdd346a000 	C:\WINDOWS\SYSTEM32\VERSION.dll
0x00007ffdddf50000 - 0x00007ffdddf81000 	C:\WINDOWS\System32\IMM32.DLL
0x00007ffd53bd0000 - 0x00007ffd53bdc000 	C:\Program Files\Java\jdk-19\bin\vcruntime140_1.dll
0x00007ffd53b40000 - 0x00007ffd53bce000 	C:\Program Files\Java\jdk-19\bin\msvcp140.dll
0x00007ffd52e80000 - 0x00007ffd53b40000 	C:\Program Files\Java\jdk-19\bin\server\jvm.dll
0x00007ffdbc230000 - 0x00007ffdbc239000 	C:\WINDOWS\SYSTEM32\WSOCK32.dll
0x00007ffdd72d0000 - 0x00007ffdd7304000 	C:\WINDOWS\SYSTEM32\WINMM.dll
0x00007ffdde0e0000 - 0x00007ffdde151000 	C:\WINDOWS\System32\WS2_32.dll
0x00007ffddbc80000 - 0x00007ffddbc98000 	C:\WINDOWS\SYSTEM32\kernel.appcore.dll
0x00007ffd52e70000 - 0x00007ffd52e7a000 	C:\Program Files\Java\jdk-19\bin\jimage.dll
0x00007ffdd5f70000 - 0x00007ffdd61a2000 	C:\WINDOWS\SYSTEM32\DBGHELP.DLL
0x00007ffddd970000 - 0x00007ffdddcfe000 	C:\WINDOWS\System32\combase.dll
0x00007ffddef70000 - 0x00007ffddf047000 	C:\WINDOWS\System32\OLEAUT32.dll
0x00007ffdbe220000 - 0x00007ffdbe252000 	C:\WINDOWS\SYSTEM32\dbgcore.DLL
0x00007ffddcc30000 - 0x00007ffddccab000 	C:\WINDOWS\System32\bcryptPrimitives.dll
0x00007ffd52e40000 - 0x00007ffd52e66000 	C:\Program Files\Java\jdk-19\bin\java.dll
0x00007ffd52d60000 - 0x00007ffd52e37000 	C:\Program Files\Java\jdk-19\bin\jsvml.dll
0x00007ffdde160000 - 0x00007ffdde9c7000 	C:\WINDOWS\System32\SHELL32.dll
0x00007ffddab80000 - 0x00007ffddb47f000 	C:\WINDOWS\SYSTEM32\windows.storage.dll
0x00007ffddaa40000 - 0x00007ffddab7f000 	C:\WINDOWS\SYSTEM32\wintypes.dll
0x00007ffddf4c0000 - 0x00007ffddf5b9000 	C:\WINDOWS\System32\SHCORE.dll
0x00007ffdde080000 - 0x00007ffdde0de000 	C:\WINDOWS\System32\shlwapi.dll
0x00007ffddcb60000 - 0x00007ffddcb87000 	C:\WINDOWS\SYSTEM32\profapi.dll
0x00007ffd52d40000 - 0x00007ffd52d53000 	C:\Program Files\Java\jdk-19\bin\net.dll
0x00007ffdd85b0000 - 0x00007ffdd86e6000 	C:\WINDOWS\SYSTEM32\WINHTTP.dll
0x00007ffddc0f0000 - 0x00007ffddc159000 	C:\WINDOWS\system32\mswsock.dll
0x00007ffd52d20000 - 0x00007ffd52d36000 	C:\Program Files\Java\jdk-19\bin\nio.dll
0x00007ffd52d00000 - 0x00007ffd52d18000 	C:\Program Files\Java\jdk-19\bin\zip.dll
0x00007ffdbbcc0000 - 0x00007ffdbbe51000 	C:\Program Files\Java\jdk-19\bin\awt.dll
0x00007ffdd54c0000 - 0x00007ffdd5557000 	C:\WINDOWS\SYSTEM32\apphelp.dll
0x00007ffdda3a0000 - 0x00007ffdda3cb000 	C:\WINDOWS\system32\DWMAPI.DLL
0x00007ffdda110000 - 0x00007ffdda1c1000 	C:\WINDOWS\system32\uxtheme.dll
0x00007ffd541e0000 - 0x00007ffd542e0000 	C:\WINDOWS\system32\opengl32.dll
0x00007ffd541b0000 - 0x00007ffd541dd000 	C:\WINDOWS\SYSTEM32\GLU32.dll
0x00007ffdda230000 - 0x00007ffdda267000 	C:\WINDOWS\SYSTEM32\dxcore.dll
0x00007ffddf5c0000 - 0x00007ffddf71e000 	C:\WINDOWS\System32\MSCTF.dll
0x00007ffddf100000 - 0x00007ffddf2a5000 	C:\WINDOWS\System32\ole32.dll
0x00007ffd528d0000 - 0x00007ffd52a78000 	C:\WINDOWS\system32\d3d9.dll
0x00007ffdce780000 - 0x00007ffdce93b000 	C:\WINDOWS\System32\DriverStore\FileRepository\u0401681.inf_amd64_636ae48616d7efc4\B401510\aticfx64.dll
0x00007ffdd5c50000 - 0x00007ffdd5c84000 	C:\WINDOWS\System32\DriverStore\FileRepository\u0401681.inf_amd64_636ae48616d7efc4\B401510\atiu9p64.dll
0x00007ffd4cd60000 - 0x00007ffd4daa7000 	C:\WINDOWS\System32\DriverStore\FileRepository\u0401681.inf_amd64_636ae48616d7efc4\B401510\atiumd64.dll
0x0000000060bc0000 - 0x0000000061ad3000 	C:\WINDOWS\System32\DriverStore\FileRepository\u0401681.inf_amd64_636ae48616d7efc4\B401510\atiumd6a.dll
0x00007ffdde9d0000 - 0x00007ffddee44000 	C:\WINDOWS\System32\SETUPAPI.dll
0x00007ffddc950000 - 0x00007ffddc99d000 	C:\WINDOWS\SYSTEM32\POWRPROF.dll
0x00007ffddc920000 - 0x00007ffddc933000 	C:\WINDOWS\SYSTEM32\UMPDC.dll
0x00007ffdc9190000 - 0x00007ffdc91c5000 	C:\WINDOWS\SYSTEM32\amdihk64.dll
0x00007ffdd3250000 - 0x00007ffdd3299000 	C:\WINDOWS\SYSTEM32\directxdatabasehelper.dll
0x00007ffdd5bc0000 - 0x00007ffdd5c46000 	C:\Program Files\Java\jdk-19\bin\freetype.dll
0x00007ffdc4700000 - 0x00007ffdc47a9000 	C:\Program Files\Java\jdk-19\bin\fontmanager.dll
0x00007ffdc6cb0000 - 0x00007ffdc6df3000 	C:\WINDOWS\SYSTEM32\textinputframework.dll

dbghelp: loaded successfully - version: 4.0.5 - missing functions: none
symbol engine: initialized successfully - sym options: 0x614 - pdb path: .;C:\Program Files\Java\jdk-19\bin;C:\WINDOWS\SYSTEM32;C:\WINDOWS\WinSxS\amd64_microsoft.windows.common-controls_6595b64144ccf1df_6.0.22621.3672_none_2713b9d173822955;C:\Program Files\Java\jdk-19\bin\server;C:\WINDOWS\System32\DriverStore\FileRepository\u0401681.inf_amd64_636ae48616d7efc4\B401510

VM Arguments:
jvm_args: -Dfile.encoding=UTF-8 --module-path=C:\Users\hp\Downloads\mysql-connector-j-8.4.0\mysql-connector-j-8.4.0\mysql-connector-j-8.4.0.jar -XX:+ShowCodeDetailsInExceptionMessages 
java_command: learn.Dashboard
java_class_path (initial): C:\Users\hp\eclipse-workspace\a101\Assignment2\Questions\Travel Management System\bin
Launcher Type: SUN_STANDARD

[Global flags]
     intx CICompilerCount                          = 4                                         {product} {ergonomic}
     uint ConcGCThreads                            = 3                                         {product} {ergonomic}
     uint G1ConcRefinementThreads                  = 10                                        {product} {ergonomic}
   size_t G1HeapRegionSize                         = 1048576                                   {product} {ergonomic}
    uintx GCDrainStackTargetSize                   = 64                                        {product} {ergonomic}
   size_t InitialHeapSize                          = 123731968                                 {product} {ergonomic}
   size_t MarkStackSize                            = 4194304                                   {product} {ergonomic}
   size_t MaxHeapSize                              = 1967128576                                {product} {ergonomic}
   size_t MaxNewSize                               = 1179648000                                {product} {ergonomic}
   size_t MinHeapDeltaBytes                        = 1048576                                   {product} {ergonomic}
   size_t MinHeapSize                              = 8388608                                   {product} {ergonomic}
    uintx NonNMethodCodeHeapSize                   = 5839372                                {pd product} {ergonomic}
    uintx NonProfiledCodeHeapSize                  = 122909434                              {pd product} {ergonomic}
    uintx ProfiledCodeHeapSize                     = 122909434                              {pd product} {ergonomic}
    uintx ReservedCodeCacheSize                    = 251658240                              {pd product} {ergonomic}
     bool SegmentedCodeCache                       = true                                      {product} {ergonomic}
     bool ShowCodeDetailsInExceptionMessages       = true                                   {manageable} {command line}
   size_t SoftMaxHeapSize                          = 1967128576                             {manageable} {ergonomic}
     bool UseCompressedClassPointers               = true                           {product lp64_product} {ergonomic}
     bool UseCompressedOops                        = true                           {product lp64_product} {ergonomic}
     bool UseG1GC                                  = true                                      {product} {ergonomic}
     bool UseLargePagesIndividualAllocation        = false                                  {pd product} {ergonomic}

Logging:
Log output configuration:
 #0: stdout all=warning uptime,level,tags foldmultilines=false
 #1: stderr all=off uptime,level,tags foldmultilines=false

Environment Variables:
PATH=C:\Program Files\Common Files\Oracle\Java\javapath;C:\Program Files (x86)\Common Files\Oracle\Java\javapath;C:\WINDOWS\system32;C:\WINDOWS;C:\WINDOWS\System32\Wbem;C:\WINDOWS\System32\WindowsPowerShell\v1.0\;C:\WINDOWS\System32\OpenSSH\;C:\Program Files\Java\jdk-19\bin;C:\ProgramData\chocolatey\bin;C:\Program Files\PuTTY\;C:\Users\hp\AppData\Local\Programs\Python\Python312\;C:\Program Files\Git\cmd;C:\Program Files\nodejs\;C:\MinGW\bin;C:\Program Files\MySQL\MySQL Server 8.0\bin;C:\Program Files\MySQL\MySQL Shell 8.0\bin\;C:\Users\hp\AppData\Local\Programs\Python\Python312\Scripts\;C:\Users\hp\AppData\Local\Programs\Python\Python312\;C:\Users\hp\AppData\Local\Microsoft\WindowsApps;C:\Program Files\JetBrains\IntelliJ IDEA Community Edition 2022.2.3\bin;;C:\Users\hp\AppData\Local\Programs\Microsoft VS Code\bin;C:\Users\hp\AppData\Roaming\npm;C:\Users\hp\AppData\Local\GitHubDesktop\bin
USERNAME=hp
OS=Windows_NT
PROCESSOR_IDENTIFIER=AMD64 Family 23 Model 104 Stepping 1, AuthenticAMD
TMP=C:\Users\hp\AppData\Local\Temp
TEMP=C:\Users\hp\AppData\Local\Temp



---------------  S Y S T E M  ---------------

OS:
 Windows 11 , 64 bit Build 22621 (10.0.22621.3958)
OS uptime: 0 days 2:01 hours
Hyper-V role detected

CPU: total 12 (initial active 12) (12 cores per cpu, 2 threads per core) family 23 model 104 stepping 1 microcode 0x0, cx8, cmov, fxsr, ht, mmx, 3dnowpref, sse, sse2, sse3, ssse3, sse4a, sse4.1, sse4.2, popcnt, lzcnt, tsc, tscinvbit, avx, avx2, aes, clmul, bmi1, bmi2, adx, sha, fma, vzeroupper, clflush, clflushopt, hv, rdtscp, rdpid

Memory: 4k page, system-wide physical 7501M (930M free)
TotalPageFile size 18954M (AvailPageFile size 49M)
current process WorkingSet (physical memory assigned to process): 80M, peak: 80M
current process commit charge ("private bytes"): 234M, peak: 243M

vm_info: Java HotSpot(TM) 64-Bit Server VM (19+36-2238) for windows-amd64 JRE (19+36-2238), built on 2022-08-12T20:29:01Z by "mach5one" with MS VC++ 17.1 (VS2022)

END.
